[0.747s] Invoking command in '/home/sunny/catkin_ws/build/uuv_sensor_ros_plugins': CMAKE_PREFIX_PATH=/home/sunny/catkin_ws/install/uuv_sensor_ros_plugins_msgs:/home/sunny/catkin_ws/install/uuv_gazebo_plugins:/home/sunny/catkin_ws/install/uuv_world_ros_plugins_msgs:/home/sunny/catkin_ws/install/uuv_world_plugins:/home/sunny/catkin_ws/install/uuv_tutorial_seabed_world:/home/sunny/catkin_ws/install/uuv_trajectory_control:/home/sunny/catkin_ws/install/uuv_thruster_manager:/home/sunny/catkin_ws/install/uuv_gazebo_worlds:/home/sunny/catkin_ws/install/uuv_gazebo_ros_plugins_msgs:/home/sunny/catkin_ws/install/uuv_gazebo:/home/sunny/catkin_ws/install/uuv_control_msgs:/home/sunny/catkin_ws/install/uuv_control_cascaded_pid:/home/sunny/catkin_ws/install/uuv_auv_control_allocator:/home/sunny/catkin_ws/install/uuv_assistants:/home/sunny/catkin_ws/install/plankton_utils:/home/sunny/catkin_ws/install/turtlesim:/home/sunny/catkin_ws/install/common_msgs:/home/sunny/catkin_ws/install/beluga_simulator:/home/sunny/catkin_ws/install/beluga_adapter:/opt/ros/humble LD_LIBRARY_PATH=/home/sunny/catkin_ws/install/uuv_sensor_ros_plugins_msgs/lib:/home/sunny/catkin_ws/install/uuv_gazebo_plugins/lib:/home/sunny/catkin_ws/install/uuv_world_ros_plugins_msgs/lib:/home/sunny/catkin_ws/install/uuv_world_plugins/lib:/home/sunny/catkin_ws/install/uuv_thruster_manager/lib:/home/sunny/catkin_ws/install/uuv_gazebo_ros_plugins_msgs/lib:/home/sunny/catkin_ws/install/uuv_control_msgs/lib:/home/sunny/catkin_ws/install/uuv_auv_control_allocator/lib:/home/sunny/catkin_ws/install/turtlesim/lib:/home/sunny/catkin_ws/install/common_msgs/lib:/opt/ros/humble/opt/rviz_ogre_vendor/lib:/opt/ros/humble/lib/x86_64-linux-gnu:/opt/ros/humble/lib:/usr/lib/x86_64-linux-gnu/gazebo-11/plugins /usr/bin/cmake --build /home/sunny/catkin_ws/build/uuv_sensor_ros_plugins -- -j16 -l16
[0.862s] [ 26%] Built target uuv_sensor_gazebo_msgs
[0.887s] [35m[1mConsolidate compiler generated dependencies of target uuv_gazebo_ros_pose_gt_plugin[0m
[0.910s] [35m[1mConsolidate compiler generated dependencies of target uuv_gazebo_ros_rpt_plugin[0m
[0.917s] [ 29%] Built target image_sonar_ros_plugin
[0.925s] [ 33%] Built target uuv_gazebo_ros_camera_plugin
[0.958s] [35m[1mConsolidate compiler generated dependencies of target uuv_gazebo_ros_dvl_plugin[0m
[0.965s] [ 35%] [32m[1mLinking CXX shared library libuuv_gazebo_ros_cpc_plugin.so[0m
[0.989s] [ 36%] [32m[1mLinking CXX shared library libuuv_gazebo_ros_base_sensor_plugin.so[0m
[0.989s] [ 38%] [32m[1mLinking CXX shared library libuuv_gazebo_ros_gps_plugin.so[0m
[0.992s] [ 40%] [32m[1mLinking CXX shared library libuuv_gazebo_ros_base_model_plugin.so[0m
[1.012s] [ 42%] [32m[1mLinking CXX shared library libuuv_gazebo_ros_imu_plugin.so[0m
[1.047s] [ 43%] [32m[1mLinking CXX shared library libuuv_gazebo_ros_magnetometer_plugin.so[0m
[1.103s] [ 45%] [32m[1mLinking CXX shared library libuuv_gazebo_ros_subsea_pressure_plugin.so[0m
[1.108s] [ 47%] [32m[1mLinking CXX shared library libuuv_gazebo_ros_rpt_plugin.so[0m
[1.118s] [ 49%] [32mBuilding CXX object CMakeFiles/uuv_gazebo_ros_pose_gt_plugin.dir/src/PoseGTROSPlugin.cpp.o[0m
[1.146s] [ 50%] [32mBuilding CXX object CMakeFiles/uuv_gazebo_ros_dvl_plugin.dir/src/DVLROSPlugin.cpp.o[0m
[27.078s] In file included from [01m[K/home/sunny/catkin_ws/src/Plankton/uuv_sensor_plugins/uuv_sensor_ros_plugins/src/PoseGTROSPlugin.cpp:32[m[K:
[27.078s] [01m[K/home/sunny/catkin_ws/src/Plankton/uuv_sensor_plugins/uuv_sensor_ros_plugins/include/uuv_sensor_ros_plugins/PoseGTROSPlugin.h:88:30:[m[K [01;31m[Kerror: [m[Kâ€˜[01m[KBuffer[m[Kâ€™ is not a member of â€˜[01m[Ktf2_ros[m[Kâ€™
[27.078s]    88 |     std::unique_ptr<tf2_ros::[01;31m[KBuffer[m[K> myTfBuffer;
[27.078s]       |                              [01;31m[K^~~~~~[m[K
[27.078s] [01m[K/home/sunny/catkin_ws/src/Plankton/uuv_sensor_plugins/uuv_sensor_ros_plugins/include/uuv_sensor_ros_plugins/PoseGTROSPlugin.h:88:36:[m[K [01;31m[Kerror: [m[Ktemplate argument 1 is invalid
[27.078s]    88 |     std::unique_ptr<tf2_ros::Buffer[01;31m[K>[m[K myTfBuffer;
[27.078s]       |                                    [01;31m[K^[m[K
[27.078s] [01m[K/home/sunny/catkin_ws/src/Plankton/uuv_sensor_plugins/uuv_sensor_ros_plugins/include/uuv_sensor_ros_plugins/PoseGTROSPlugin.h:88:36:[m[K [01;31m[Kerror: [m[Ktemplate argument 2 is invalid
[27.111s] [01m[K/home/sunny/catkin_ws/src/Plankton/uuv_sensor_plugins/uuv_sensor_ros_plugins/src/PoseGTROSPlugin.cpp:[m[K In member function â€˜[01m[Kvirtual void gazebo::PoseGTROSPlugin::Load(gazebo::physics::ModelPtr, sdf::v9::ElementPtr)[m[Kâ€™:
[27.111s] [01m[K/home/sunny/catkin_ws/src/Plankton/uuv_sensor_plugins/uuv_sensor_ros_plugins/src/PoseGTROSPlugin.cpp:63:14:[m[K [01;31m[Kerror: [m[Krequest for member â€˜[01m[Kreset[m[Kâ€™ in â€˜[01m[K((gazebo::PoseGTROSPlugin*)this)->gazebo::PoseGTROSPlugin::myTfBuffer[m[Kâ€™, which is of non-class type â€˜[01m[Kint[m[Kâ€™
[27.111s]    63 |   myTfBuffer.[01;31m[Kreset[m[K(new tf2_ros::Buffer(myRosNode->get_clock()));
[27.111s]       |              [01;31m[K^~~~~[m[K
[27.111s] [01m[K/home/sunny/catkin_ws/src/Plankton/uuv_sensor_plugins/uuv_sensor_ros_plugins/src/PoseGTROSPlugin.cpp:63:24:[m[K [01;31m[Kerror: [m[Kexpected type-specifier
[27.111s]    63 |   myTfBuffer.reset(new [01;31m[Ktf2_ros[m[K::Buffer(myRosNode->get_clock()));
[27.111s]       |                        [01;31m[K^~~~~~~[m[K
[27.119s] [01m[K/home/sunny/catkin_ws/src/Plankton/uuv_sensor_plugins/uuv_sensor_ros_plugins/src/PoseGTROSPlugin.cpp:70:13:[m[K [01;31m[Kerror: [m[Kbase operand of â€˜[01m[K->[m[Kâ€™ is not a pointer
[27.119s]    70 |   myTfBuffer[01;31m[K->[m[KsetCreateTimerInterface(timer_interface);
[27.119s]       |             [01;31m[K^~[m[K
[27.119s] [01m[K/home/sunny/catkin_ws/src/Plankton/uuv_sensor_plugins/uuv_sensor_ros_plugins/src/PoseGTROSPlugin.cpp:71:13:[m[K [01;31m[Kerror: [m[Kbase operand of â€˜[01m[K->[m[Kâ€™ is not a pointer
[27.119s]    71 |   myTfBuffer[01;31m[K->[m[KsetUsingDedicatedThread(true);
[27.119s]       |             [01;31m[K^~[m[K
[27.124s] [01m[K/home/sunny/catkin_ws/src/Plankton/uuv_sensor_plugins/uuv_sensor_ros_plugins/src/PoseGTROSPlugin.cpp:109:57:[m[K [01;31m[Kerror: [m[Kinvalid type argument of unary â€˜[01m[K*[m[Kâ€™ (have â€˜[01m[Kint[m[Kâ€™)
[27.124s]   109 |   this->tfListener.reset(new tf2_ros::TransformListener([01;31m[K*myTfBuffer[m[K, myRosNode, false));
[27.124s]       |                                                         [01;31m[K^~~~~~~~~~~[m[K
[27.129s] [01m[K/home/sunny/catkin_ws/src/Plankton/uuv_sensor_plugins/uuv_sensor_ros_plugins/src/PoseGTROSPlugin.cpp:[m[K In member function â€˜[01m[Kvoid gazebo::PoseGTROSPlugin::UpdateNEDTransform()[m[Kâ€™:
[27.129s] [01m[K/home/sunny/catkin_ws/src/Plankton/uuv_sensor_plugins/uuv_sensor_ros_plugins/src/PoseGTROSPlugin.cpp:344:32:[m[K [01;31m[Kerror: [m[Kbase operand of â€˜[01m[K->[m[Kâ€™ is not a pointer
[27.129s]   344 |     childTransform = myTfBuffer[01;31m[K->[m[KlookupTransform(
[27.129s]       |                                [01;31m[K^~[m[K
[27.274s] In file included from [01m[K/home/sunny/catkin_ws/src/Plankton/uuv_sensor_plugins/uuv_sensor_ros_plugins/src/DVLROSPlugin.cpp:22[m[K:
[27.274s] [01m[K/home/sunny/catkin_ws/src/Plankton/uuv_sensor_plugins/uuv_sensor_ros_plugins/include/uuv_sensor_ros_plugins/DVLROSPlugin.h:115:41:[m[K [01;31m[Kerror: [m[Kâ€˜[01m[KBuffer[m[Kâ€™ is not a member of â€˜[01m[Ktf2_ros[m[Kâ€™
[27.274s]   115 |     protected: std::unique_ptr<tf2_ros::[01;31m[KBuffer[m[K> myBuffer;
[27.275s]       |                                         [01;31m[K^~~~~~[m[K
[27.275s] [01m[K/home/sunny/catkin_ws/src/Plankton/uuv_sensor_plugins/uuv_sensor_ros_plugins/include/uuv_sensor_ros_plugins/DVLROSPlugin.h:115:47:[m[K [01;31m[Kerror: [m[Ktemplate argument 1 is invalid
[27.275s]   115 |     protected: std::unique_ptr<tf2_ros::Buffer[01;31m[K>[m[K myBuffer;
[27.275s]       |                                               [01;31m[K^[m[K
[27.275s] [01m[K/home/sunny/catkin_ws/src/Plankton/uuv_sensor_plugins/uuv_sensor_ros_plugins/include/uuv_sensor_ros_plugins/DVLROSPlugin.h:115:47:[m[K [01;31m[Kerror: [m[Ktemplate argument 2 is invalid
[27.315s] [01m[K/home/sunny/catkin_ws/src/Plankton/uuv_sensor_plugins/uuv_sensor_ros_plugins/src/DVLROSPlugin.cpp:[m[K In member function â€˜[01m[Kvirtual void gazebo::DVLROSPlugin::Load(gazebo::physics::ModelPtr, sdf::v9::ElementPtr)[m[Kâ€™:
[27.316s] [01m[K/home/sunny/catkin_ws/src/Plankton/uuv_sensor_plugins/uuv_sensor_ros_plugins/src/DVLROSPlugin.cpp:49:12:[m[K [01;31m[Kerror: [m[Krequest for member â€˜[01m[Kreset[m[Kâ€™ in â€˜[01m[K((gazebo::DVLROSPlugin*)this)->gazebo::DVLROSPlugin::myBuffer[m[Kâ€™, which is of non-class type â€˜[01m[Kint[m[Kâ€™
[27.316s]    49 |   myBuffer.[01;31m[Kreset[m[K(new tf2_ros::Buffer(myRosNode->get_clock()));
[27.316s]       |            [01;31m[K^~~~~[m[K
[27.316s] [01m[K/home/sunny/catkin_ws/src/Plankton/uuv_sensor_plugins/uuv_sensor_ros_plugins/src/DVLROSPlugin.cpp:49:22:[m[K [01;31m[Kerror: [m[Kexpected type-specifier
[27.316s]    49 |   myBuffer.reset(new [01;31m[Ktf2_ros[m[K::Buffer(myRosNode->get_clock()));
[27.316s]       |                      [01;31m[K^~~~~~~[m[K
[27.316s] [01m[K/home/sunny/catkin_ws/src/Plankton/uuv_sensor_plugins/uuv_sensor_ros_plugins/src/DVLROSPlugin.cpp:50:60:[m[K [01;31m[Kerror: [m[Kinvalid type argument of unary â€˜[01m[K*[m[Kâ€™ (have â€˜[01m[Kint[m[Kâ€™)
[27.316s]    50 |   myTransformListener.reset(new tf2_ros::TransformListener([01;31m[K*myBuffer[m[K, myRosNode, false));
[27.316s]       |                                                            [01;31m[K^~~~~~~~~[m[K
[27.324s] [01m[K/home/sunny/catkin_ws/src/Plankton/uuv_sensor_plugins/uuv_sensor_ros_plugins/src/DVLROSPlugin.cpp:56:11:[m[K [01;31m[Kerror: [m[Kbase operand of â€˜[01m[K->[m[Kâ€™ is not a pointer
[27.324s]    56 |   myBuffer[01;31m[K->[m[KsetCreateTimerInterface(timer_interface);
[27.324s]       |           [01;31m[K^~[m[K
[27.324s] [01m[K/home/sunny/catkin_ws/src/Plankton/uuv_sensor_plugins/uuv_sensor_ros_plugins/src/DVLROSPlugin.cpp:57:11:[m[K [01;31m[Kerror: [m[Kbase operand of â€˜[01m[K->[m[Kâ€™ is not a pointer
[27.324s]    57 |   myBuffer[01;31m[K->[m[KsetUsingDedicatedThread(true);
[27.324s]       |           [01;31m[K^~[m[K
[27.516s] [01m[K/home/sunny/catkin_ws/src/Plankton/uuv_sensor_plugins/uuv_sensor_ros_plugins/src/DVLROSPlugin.cpp:[m[K In member function â€˜[01m[Kbool gazebo::DVLROSPlugin::UpdateBeamTransforms()[m[Kâ€™:
[27.516s] [01m[K/home/sunny/catkin_ws/src/Plankton/uuv_sensor_plugins/uuv_sensor_ros_plugins/src/DVLROSPlugin.cpp:310:31:[m[K [01;31m[Kerror: [m[Kbase operand of â€˜[01m[K->[m[Kâ€™ is not a pointer
[27.516s]   310 |       beamTransform = myBuffer[01;31m[K->[m[KlookupTransform(
[27.516s]       |                               [01;31m[K^~[m[K
[30.729s] gmake[2]: *** [CMakeFiles/uuv_gazebo_ros_pose_gt_plugin.dir/build.make:76: CMakeFiles/uuv_gazebo_ros_pose_gt_plugin.dir/src/PoseGTROSPlugin.cpp.o] Error 1
[30.729s] gmake[1]: *** [CMakeFiles/Makefile2:265: CMakeFiles/uuv_gazebo_ros_pose_gt_plugin.dir/all] Error 2
[30.729s] gmake[1]: *** Waiting for unfinished jobs....
[33.766s] gmake[2]: *** [CMakeFiles/uuv_gazebo_ros_dvl_plugin.dir/build.make:76: CMakeFiles/uuv_gazebo_ros_dvl_plugin.dir/src/DVLROSPlugin.cpp.o] Error 1
[33.767s] gmake[1]: *** [CMakeFiles/Makefile2:317: CMakeFiles/uuv_gazebo_ros_dvl_plugin.dir/all] Error 2
[66.665s] gmake[2]: *** Deleting file 'libuuv_gazebo_ros_rpt_plugin.so'
[66.665s] gmake[2]: *** Deleting file 'libuuv_gazebo_ros_subsea_pressure_plugin.so'
[66.665s] gmake[2]: *** Deleting file 'libuuv_gazebo_ros_gps_plugin.so'
[66.665s] gmake[2]: *** Deleting file 'libuuv_gazebo_ros_base_model_plugin.so'
[66.665s] gmake[2]: *** Deleting file 'libuuv_gazebo_ros_base_sensor_plugin.so'
[66.666s] gmake[2]: *** Deleting file 'libuuv_gazebo_ros_imu_plugin.so'
[66.666s] gmake[2]: *** Deleting file 'libuuv_gazebo_ros_magnetometer_plugin.so'
[66.666s] gmake[2]: *** Deleting file 'libuuv_gazebo_ros_cpc_plugin.so'
[66.666s] gmake[2]: *** [CMakeFiles/uuv_gazebo_ros_imu_plugin.dir/build.make:4470: libuuv_gazebo_ros_imu_plugin.so] Interrupt
[66.666s] gmake[2]: *** [CMakeFiles/uuv_gazebo_ros_base_model_plugin.dir/build.make:4454: libuuv_gazebo_ros_base_model_plugin.so] Interrupt
[66.666s] gmake[2]: *** [CMakeFiles/uuv_gazebo_ros_base_sensor_plugin.dir/build.make:4454: libuuv_gazebo_ros_base_sensor_plugin.so] Interrupt
[66.666s] gmake[2]: *** [CMakeFiles/uuv_gazebo_ros_cpc_plugin.dir/build.make:4470: libuuv_gazebo_ros_cpc_plugin.so] Interrupt
[66.666s] gmake[2]: *** [CMakeFiles/uuv_gazebo_ros_magnetometer_plugin.dir/build.make:4470: libuuv_gazebo_ros_magnetometer_plugin.so] Interrupt
[66.666s] gmake[2]: *** [CMakeFiles/uuv_gazebo_ros_subsea_pressure_plugin.dir/build.make:4470: libuuv_gazebo_ros_subsea_pressure_plugin.so] Interrupt
[66.666s] gmake[2]: *** [CMakeFiles/uuv_gazebo_ros_rpt_plugin.dir/build.make:4470: libuuv_gazebo_ros_rpt_plugin.so] Interrupt
[66.666s] gmake[1]: *** [CMakeFiles/Makefile2:395: CMakeFiles/uuv_gazebo_ros_imu_plugin.dir/all] Interrupt
[66.666s] gmake[1]: *** [CMakeFiles/Makefile2:213: CMakeFiles/uuv_gazebo_ros_base_sensor_plugin.dir/all] Interrupt
[66.667s] gmake[1]: *** [CMakeFiles/Makefile2:187: CMakeFiles/uuv_gazebo_ros_base_model_plugin.dir/all] Interrupt
[66.667s] gmake[1]: *** [CMakeFiles/Makefile2:369: CMakeFiles/uuv_gazebo_ros_cpc_plugin.dir/all] Interrupt
[66.667s] gmake[1]: *** [CMakeFiles/Makefile2:421: CMakeFiles/uuv_gazebo_ros_rpt_plugin.dir/all] Interrupt
[66.667s] gmake[1]: *** [CMakeFiles/Makefile2:291: CMakeFiles/uuv_gazebo_ros_subsea_pressure_plugin.dir/all] Interrupt
[66.667s] gmake[1]: *** [CMakeFiles/Makefile2:343: CMakeFiles/uuv_gazebo_ros_magnetometer_plugin.dir/all] Interrupt
[66.667s] gmake[2]: *** [CMakeFiles/uuv_gazebo_ros_gps_plugin.dir/build.make:4470: libuuv_gazebo_ros_gps_plugin.so] Interrupt
[66.667s] gmake[1]: *** [CMakeFiles/Makefile2:239: CMakeFiles/uuv_gazebo_ros_gps_plugin.dir/all] Interrupt
[66.667s] gmake: *** [Makefile:146: all] Interrupt
