[0.164s] Invoking command in '/home/sunny/catkin_ws/build/uuv_gazebo_ros_plugins': CMAKE_PREFIX_PATH=/home/sunny/catkin_ws/install/uuv_gazebo_ros_plugins_msgs:/home/sunny/catkin_ws/install/uuv_gazebo_plugins:/home/sunny/catkin_ws/install/uuv_world_ros_plugins_msgs:/home/sunny/catkin_ws/install/uuv_world_plugins:/home/sunny/catkin_ws/install/uuv_tutorial_seabed_world:/home/sunny/catkin_ws/install/uuv_trajectory_control:/home/sunny/catkin_ws/install/uuv_thruster_manager:/home/sunny/catkin_ws/install/uuv_sensor_ros_plugins_msgs:/home/sunny/catkin_ws/install/uuv_gazebo_worlds:/home/sunny/catkin_ws/install/uuv_gazebo:/home/sunny/catkin_ws/install/uuv_control_msgs:/home/sunny/catkin_ws/install/uuv_control_cascaded_pid:/home/sunny/catkin_ws/install/uuv_auv_control_allocator:/home/sunny/catkin_ws/install/uuv_assistants:/home/sunny/catkin_ws/install/plankton_utils:/home/sunny/catkin_ws/install/turtlesim:/home/sunny/catkin_ws/install/common_msgs:/home/sunny/catkin_ws/install/beluga_simulator:/home/sunny/catkin_ws/install/beluga_adapter:/opt/ros/humble LD_LIBRARY_PATH=/home/sunny/catkin_ws/install/uuv_gazebo_ros_plugins_msgs/lib:/home/sunny/catkin_ws/install/uuv_gazebo_plugins/lib:/home/sunny/catkin_ws/install/uuv_world_ros_plugins_msgs/lib:/home/sunny/catkin_ws/install/uuv_world_plugins/lib:/home/sunny/catkin_ws/install/uuv_thruster_manager/lib:/home/sunny/catkin_ws/install/uuv_sensor_ros_plugins_msgs/lib:/home/sunny/catkin_ws/install/uuv_control_msgs/lib:/home/sunny/catkin_ws/install/uuv_auv_control_allocator/lib:/home/sunny/catkin_ws/install/turtlesim/lib:/home/sunny/catkin_ws/install/common_msgs/lib:/opt/ros/humble/opt/rviz_ogre_vendor/lib:/opt/ros/humble/lib/x86_64-linux-gnu:/opt/ros/humble/lib:/usr/lib/x86_64-linux-gnu/gazebo-11/plugins /usr/bin/cmake --build /home/sunny/catkin_ws/build/uuv_gazebo_ros_plugins -- -j16 -l16
[0.326s] [  7%] [32mBuilding CXX object CMakeFiles/uuv_underwater_object_ros_plugin.dir/src/UnderwaterObjectROSPlugin.cpp.o[0m
[0.332s] [ 14%] [32mBuilding CXX object CMakeFiles/uuv_fin_ros_plugin.dir/src/FinROSPlugin.cpp.o[0m
[0.360s] [ 21%] [32mBuilding CXX object CMakeFiles/uuv_thruster_ros_plugin.dir/src/ThrusterROSPlugin.cpp.o[0m
[0.388s] [ 28%] [32mBuilding CXX object CMakeFiles/linear_battery_ros_plugin.dir/src/LinearBatteryROSPlugin.cpp.o[0m
[0.391s] [ 35%] [32mBuilding CXX object CMakeFiles/custom_battery_consumer_ros_plugin.dir/src/CustomBatteryConsumerROSPlugin.cpp.o[0m
[0.395s] [ 42%] [32mBuilding CXX object CMakeFiles/uuv_accelerations_test_plugin.dir/src/AccelerationsTestPlugin.cpp.o[0m
[0.401s] [ 50%] [32mBuilding CXX object CMakeFiles/uuv_joint_state_publisher.dir/src/JointStatePublisher.cpp.o[0m
[4.363s] In file included from [01m[K/home/sunny/catkin_ws/src/Plankton/uuv_gazebo_plugins/uuv_gazebo_ros_plugins/src/ThrusterROSPlugin.cpp:22[m[K:
[4.363s] [01m[K/home/sunny/catkin_ws/src/Plankton/uuv_gazebo_plugins/uuv_gazebo_ros_plugins/include/uuv_gazebo_ros_plugins/ThrusterROSPlugin.h:36:10:[m[K [01;31m[Kfatal error: [m[Kgazebo_ros/node.hpp: No such file or directory
[4.363s]    36 | #include [01;31m[K<gazebo_ros/node.hpp>[m[K
[4.364s]       |          [01;31m[K^~~~~~~~~~~~~~~~~~~~~[m[K
[4.364s] compilation terminated.
[4.406s] gmake[2]: *** [CMakeFiles/uuv_thruster_ros_plugin.dir/build.make:76: CMakeFiles/uuv_thruster_ros_plugin.dir/src/ThrusterROSPlugin.cpp.o] Error 1
[4.406s] gmake[1]: *** [CMakeFiles/Makefile2:175: CMakeFiles/uuv_thruster_ros_plugin.dir/all] Error 2
[4.406s] gmake[1]: *** Waiting for unfinished jobs....
[5.579s] In file included from [01m[K/home/sunny/catkin_ws/src/Plankton/uuv_gazebo_plugins/uuv_gazebo_ros_plugins/src/UnderwaterObjectROSPlugin.cpp:22[m[K:
[5.580s] [01m[K/home/sunny/catkin_ws/src/Plankton/uuv_gazebo_plugins/uuv_gazebo_ros_plugins/include/uuv_gazebo_ros_plugins/UnderwaterObjectROSPlugin.h:34:10:[m[K [01;31m[Kfatal error: [m[Kgazebo_ros/node.hpp: No such file or directory
[5.581s]    34 | #include [01;31m[K<gazebo_ros/node.hpp>[m[K
[5.581s]       |          [01;31m[K^~~~~~~~~~~~~~~~~~~~~[m[K
[5.582s] compilation terminated.
[5.636s] gmake[2]: *** [CMakeFiles/uuv_underwater_object_ros_plugin.dir/build.make:76: CMakeFiles/uuv_underwater_object_ros_plugin.dir/src/UnderwaterObjectROSPlugin.cpp.o] Error 1
[5.637s] gmake[1]: *** [CMakeFiles/Makefile2:201: CMakeFiles/uuv_underwater_object_ros_plugin.dir/all] Error 2
[6.482s] In file included from [01m[K/home/sunny/catkin_ws/src/Plankton/uuv_gazebo_plugins/uuv_gazebo_ros_plugins/src/FinROSPlugin.cpp:22[m[K:
[6.483s] [01m[K/home/sunny/catkin_ws/src/Plankton/uuv_gazebo_plugins/uuv_gazebo_ros_plugins/include/uuv_gazebo_ros_plugins/FinROSPlugin.h:31:10:[m[K [01;31m[Kfatal error: [m[Kgazebo_ros/node.hpp: No such file or directory
[6.483s]    31 | #include [01;31m[K<gazebo_ros/node.hpp>[m[K
[6.483s]       |          [01;31m[K^~~~~~~~~~~~~~~~~~~~~[m[K
[6.483s] compilation terminated.
[6.538s] gmake[2]: *** [CMakeFiles/uuv_fin_ros_plugin.dir/build.make:76: CMakeFiles/uuv_fin_ros_plugin.dir/src/FinROSPlugin.cpp.o] Error 1
[6.540s] gmake[1]: *** [CMakeFiles/Makefile2:149: CMakeFiles/uuv_fin_ros_plugin.dir/all] Error 2
[7.017s] In file included from [01m[K/home/sunny/catkin_ws/src/Plankton/uuv_gazebo_plugins/uuv_gazebo_ros_plugins/src/JointStatePublisher.cpp:22[m[K:
[7.017s] [01m[K/home/sunny/catkin_ws/src/Plankton/uuv_gazebo_plugins/uuv_gazebo_ros_plugins/include/uuv_gazebo_ros_plugins/JointStatePublisher.h:40:10:[m[K [01;31m[Kfatal error: [m[Kgazebo_ros/node.hpp: No such file or directory
[7.017s]    40 | #include [01;31m[K<gazebo_ros/node.hpp>[m[K
[7.017s]       |          [01;31m[K^~~~~~~~~~~~~~~~~~~~~[m[K
[7.017s] compilation terminated.
[7.091s] gmake[2]: *** [CMakeFiles/uuv_joint_state_publisher.dir/build.make:76: CMakeFiles/uuv_joint_state_publisher.dir/src/JointStatePublisher.cpp.o] Error 1
[7.091s] gmake[1]: *** [CMakeFiles/Makefile2:227: CMakeFiles/uuv_joint_state_publisher.dir/all] Error 2
[7.385s] In file included from [01m[K/home/sunny/catkin_ws/src/Plankton/uuv_gazebo_plugins/uuv_gazebo_ros_plugins/src/AccelerationsTestPlugin.cpp:34[m[K:
[7.387s] [01m[K/home/sunny/catkin_ws/src/Plankton/uuv_gazebo_plugins/uuv_gazebo_ros_plugins/include/uuv_gazebo_ros_plugins/AccelerationsTestPlugin.h:31:10:[m[K [01;31m[Kfatal error: [m[Kgazebo_ros/node.hpp: No such file or directory
[7.387s]    31 | #include [01;31m[K<gazebo_ros/node.hpp>[m[K
[7.388s]       |          [01;31m[K^~~~~~~~~~~~~~~~~~~~~[m[K
[7.389s] compilation terminated.
[7.446s] In file included from [01m[K/home/sunny/catkin_ws/src/Plankton/uuv_gazebo_plugins/uuv_gazebo_ros_plugins/src/LinearBatteryROSPlugin.cpp:22[m[K:
[7.458s] [01m[K/home/sunny/catkin_ws/src/Plankton/uuv_gazebo_plugins/uuv_gazebo_ros_plugins/include/uuv_gazebo_ros_plugins/LinearBatteryROSPlugin.h:30:10:[m[K [01;31m[Kfatal error: [m[Kgazebo_ros/node.hpp: No such file or directory
[7.458s]    30 | #include [01;31m[K<gazebo_ros/node.hpp>[m[K
[7.458s]       |          [01;31m[K^~~~~~~~~~~~~~~~~~~~~[m[K
[7.458s] compilation terminated.
[7.459s] gmake[2]: *** [CMakeFiles/uuv_accelerations_test_plugin.dir/build.make:76: CMakeFiles/uuv_accelerations_test_plugin.dir/src/AccelerationsTestPlugin.cpp.o] Error 1
[7.459s] gmake[1]: *** [CMakeFiles/Makefile2:253: CMakeFiles/uuv_accelerations_test_plugin.dir/all] Error 2
[7.511s] gmake[2]: *** [CMakeFiles/linear_battery_ros_plugin.dir/build.make:76: CMakeFiles/linear_battery_ros_plugin.dir/src/LinearBatteryROSPlugin.cpp.o] Error 1
[7.513s] gmake[1]: *** [CMakeFiles/Makefile2:279: CMakeFiles/linear_battery_ros_plugin.dir/all] Error 2
[8.182s] In file included from [01m[K/home/sunny/catkin_ws/src/Plankton/uuv_gazebo_plugins/uuv_gazebo_ros_plugins/src/CustomBatteryConsumerROSPlugin.cpp:22[m[K:
[8.182s] [01m[K/home/sunny/catkin_ws/src/Plankton/uuv_gazebo_plugins/uuv_gazebo_ros_plugins/include/uuv_gazebo_ros_plugins/CustomBatteryConsumerROSPlugin.h:30:10:[m[K [01;31m[Kfatal error: [m[Kgazebo_ros/node.hpp: No such file or directory
[8.182s]    30 | #include [01;31m[K<gazebo_ros/node.hpp>[m[K
[8.182s]       |          [01;31m[K^~~~~~~~~~~~~~~~~~~~~[m[K
[8.183s] compilation terminated.
[8.258s] gmake[2]: *** [CMakeFiles/custom_battery_consumer_ros_plugin.dir/build.make:76: CMakeFiles/custom_battery_consumer_ros_plugin.dir/src/CustomBatteryConsumerROSPlugin.cpp.o] Error 1
[8.258s] gmake[1]: *** [CMakeFiles/Makefile2:305: CMakeFiles/custom_battery_consumer_ros_plugin.dir/all] Error 2
[8.258s] gmake: *** [Makefile:146: all] Error 2
