[0.624s] Invoking command in '/home/sunny/catkin_ws/build/uuv_gazebo_ros_plugins': AMENT_PREFIX_PATH=/home/sunny/catkin_ws/install/uuv_gazebo_ros_plugins_msgs:/home/sunny/catkin_ws/install/uuv_gazebo_plugins:${AMENT_PREFIX_PATH} CMAKE_PREFIX_PATH=/home/sunny/catkin_ws/install/uuv_gazebo_ros_plugins_msgs:/home/sunny/catkin_ws/install/uuv_gazebo_plugins:/home/sunny/catkin_ws/install/turtlesim:/home/sunny/catkin_ws/install/common_msgs:/home/sunny/catkin_ws/install/beluga_simulator:/home/sunny/catkin_ws/install/beluga_adapter:/opt/ros/humble LD_LIBRARY_PATH=/home/sunny/catkin_ws/install/uuv_gazebo_ros_plugins_msgs/lib:/home/sunny/catkin_ws/install/uuv_gazebo_plugins/lib:/home/sunny/catkin_ws/install/turtlesim/lib:/home/sunny/catkin_ws/install/common_msgs/lib:/opt/ros/humble/opt/rviz_ogre_vendor/lib:/opt/ros/humble/lib/x86_64-linux-gnu:/opt/ros/humble/lib:/usr/lib/x86_64-linux-gnu/gazebo-11/plugins PYTHONPATH=/home/sunny/catkin_ws/install/uuv_gazebo_ros_plugins_msgs/local/lib/python3.10/dist-packages:${PYTHONPATH} /usr/bin/cmake --build /home/sunny/catkin_ws/build/uuv_gazebo_ros_plugins -- -j16 -l16
[0.706s] [  7%] [32mBuilding CXX object CMakeFiles/uuv_accelerations_test_plugin.dir/src/AccelerationsTestPlugin.cpp.o[0m
[0.713s] [ 14%] [32mBuilding CXX object CMakeFiles/uuv_underwater_object_ros_plugin.dir/src/UnderwaterObjectROSPlugin.cpp.o[0m
[0.713s] [ 21%] [32mBuilding CXX object CMakeFiles/custom_battery_consumer_ros_plugin.dir/src/CustomBatteryConsumerROSPlugin.cpp.o[0m
[0.725s] [ 28%] [32mBuilding CXX object CMakeFiles/uuv_joint_state_publisher.dir/src/JointStatePublisher.cpp.o[0m
[0.731s] [ 35%] [32mBuilding CXX object CMakeFiles/uuv_thruster_ros_plugin.dir/src/ThrusterROSPlugin.cpp.o[0m
[0.732s] [ 42%] [32mBuilding CXX object CMakeFiles/uuv_fin_ros_plugin.dir/src/FinROSPlugin.cpp.o[0m
[0.735s] [ 50%] [32mBuilding CXX object CMakeFiles/linear_battery_ros_plugin.dir/src/LinearBatteryROSPlugin.cpp.o[0m
[4.302s] In file included from [01m[K/home/sunny/catkin_ws/src/Plankton/uuv_gazebo_plugins/uuv_gazebo_ros_plugins/src/ThrusterROSPlugin.cpp:22[m[K:
[4.302s] [01m[K/home/sunny/catkin_ws/src/Plankton/uuv_gazebo_plugins/uuv_gazebo_ros_plugins/include/uuv_gazebo_ros_plugins/ThrusterROSPlugin.h:36:10:[m[K [01;31m[Kfatal error: [m[Kgazebo_ros/node.hpp: No such file or directory
[4.302s]    36 | #include [01;31m[K<gazebo_ros/node.hpp>[m[K
[4.302s]       |          [01;31m[K^~~~~~~~~~~~~~~~~~~~~[m[K
[4.302s] compilation terminated.
[4.329s] gmake[2]: *** [CMakeFiles/uuv_thruster_ros_plugin.dir/build.make:76: CMakeFiles/uuv_thruster_ros_plugin.dir/src/ThrusterROSPlugin.cpp.o] Error 1
[4.329s] gmake[1]: *** [CMakeFiles/Makefile2:175: CMakeFiles/uuv_thruster_ros_plugin.dir/all] Error 2
[4.329s] gmake[1]: *** Waiting for unfinished jobs....
[6.495s] In file included from [01m[K/home/sunny/catkin_ws/src/Plankton/uuv_gazebo_plugins/uuv_gazebo_ros_plugins/src/UnderwaterObjectROSPlugin.cpp:22[m[K:
[6.496s] [01m[K/home/sunny/catkin_ws/src/Plankton/uuv_gazebo_plugins/uuv_gazebo_ros_plugins/include/uuv_gazebo_ros_plugins/UnderwaterObjectROSPlugin.h:34:10:[m[K [01;31m[Kfatal error: [m[Kgazebo_ros/node.hpp: No such file or directory
[6.496s]    34 | #include [01;31m[K<gazebo_ros/node.hpp>[m[K
[6.496s]       |          [01;31m[K^~~~~~~~~~~~~~~~~~~~~[m[K
[6.497s] compilation terminated.
[6.556s] gmake[2]: *** [CMakeFiles/uuv_underwater_object_ros_plugin.dir/build.make:76: CMakeFiles/uuv_underwater_object_ros_plugin.dir/src/UnderwaterObjectROSPlugin.cpp.o] Error 1
[6.557s] gmake[1]: *** [CMakeFiles/Makefile2:201: CMakeFiles/uuv_underwater_object_ros_plugin.dir/all] Error 2
[7.798s] In file included from [01m[K/home/sunny/catkin_ws/src/Plankton/uuv_gazebo_plugins/uuv_gazebo_ros_plugins/src/FinROSPlugin.cpp:22[m[K:
[7.798s] [01m[K/home/sunny/catkin_ws/src/Plankton/uuv_gazebo_plugins/uuv_gazebo_ros_plugins/include/uuv_gazebo_ros_plugins/FinROSPlugin.h:31:10:[m[K [01;31m[Kfatal error: [m[Kgazebo_ros/node.hpp: No such file or directory
[7.799s]    31 | #include [01;31m[K<gazebo_ros/node.hpp>[m[K
[7.799s]       |          [01;31m[K^~~~~~~~~~~~~~~~~~~~~[m[K
[7.799s] compilation terminated.
[7.857s] gmake[2]: *** [CMakeFiles/uuv_fin_ros_plugin.dir/build.make:76: CMakeFiles/uuv_fin_ros_plugin.dir/src/FinROSPlugin.cpp.o] Error 1
[7.858s] gmake[1]: *** [CMakeFiles/Makefile2:149: CMakeFiles/uuv_fin_ros_plugin.dir/all] Error 2
[8.575s] In file included from [01m[K/home/sunny/catkin_ws/src/Plankton/uuv_gazebo_plugins/uuv_gazebo_ros_plugins/src/JointStatePublisher.cpp:22[m[K:
[8.576s] [01m[K/home/sunny/catkin_ws/src/Plankton/uuv_gazebo_plugins/uuv_gazebo_ros_plugins/include/uuv_gazebo_ros_plugins/JointStatePublisher.h:40:10:[m[K [01;31m[Kfatal error: [m[Kgazebo_ros/node.hpp: No such file or directory
[8.576s]    40 | #include [01;31m[K<gazebo_ros/node.hpp>[m[K
[8.576s]       |          [01;31m[K^~~~~~~~~~~~~~~~~~~~~[m[K
[8.576s] compilation terminated.
[8.654s] gmake[2]: *** [CMakeFiles/uuv_joint_state_publisher.dir/build.make:76: CMakeFiles/uuv_joint_state_publisher.dir/src/JointStatePublisher.cpp.o] Error 1
[8.654s] gmake[1]: *** [CMakeFiles/Makefile2:227: CMakeFiles/uuv_joint_state_publisher.dir/all] Error 2
[8.786s] In file included from [01m[K/home/sunny/catkin_ws/src/Plankton/uuv_gazebo_plugins/uuv_gazebo_ros_plugins/src/AccelerationsTestPlugin.cpp:34[m[K:
[8.786s] [01m[K/home/sunny/catkin_ws/src/Plankton/uuv_gazebo_plugins/uuv_gazebo_ros_plugins/include/uuv_gazebo_ros_plugins/AccelerationsTestPlugin.h:31:10:[m[K [01;31m[Kfatal error: [m[Kgazebo_ros/node.hpp: No such file or directory
[8.786s]    31 | #include [01;31m[K<gazebo_ros/node.hpp>[m[K
[8.787s]       |          [01;31m[K^~~~~~~~~~~~~~~~~~~~~[m[K
[8.787s] compilation terminated.
[8.884s] gmake[2]: *** [CMakeFiles/uuv_accelerations_test_plugin.dir/build.make:76: CMakeFiles/uuv_accelerations_test_plugin.dir/src/AccelerationsTestPlugin.cpp.o] Error 1
[8.885s] gmake[1]: *** [CMakeFiles/Makefile2:253: CMakeFiles/uuv_accelerations_test_plugin.dir/all] Error 2
[9.182s] In file included from [01m[K/home/sunny/catkin_ws/src/Plankton/uuv_gazebo_plugins/uuv_gazebo_ros_plugins/src/CustomBatteryConsumerROSPlugin.cpp:22[m[K:
[9.183s] [01m[K/home/sunny/catkin_ws/src/Plankton/uuv_gazebo_plugins/uuv_gazebo_ros_plugins/include/uuv_gazebo_ros_plugins/CustomBatteryConsumerROSPlugin.h:30:10:[m[K [01;31m[Kfatal error: [m[Kgazebo_ros/node.hpp: No such file or directory
[9.183s]    30 | #include [01;31m[K<gazebo_ros/node.hpp>[m[K
[9.183s]       |          [01;31m[K^~~~~~~~~~~~~~~~~~~~~[m[K
[9.183s] compilation terminated.
[9.250s] gmake[2]: *** [CMakeFiles/custom_battery_consumer_ros_plugin.dir/build.make:76: CMakeFiles/custom_battery_consumer_ros_plugin.dir/src/CustomBatteryConsumerROSPlugin.cpp.o] Error 1
[9.251s] gmake[1]: *** [CMakeFiles/Makefile2:305: CMakeFiles/custom_battery_consumer_ros_plugin.dir/all] Error 2
[9.638s] In file included from [01m[K/home/sunny/catkin_ws/src/Plankton/uuv_gazebo_plugins/uuv_gazebo_ros_plugins/src/LinearBatteryROSPlugin.cpp:22[m[K:
[9.638s] [01m[K/home/sunny/catkin_ws/src/Plankton/uuv_gazebo_plugins/uuv_gazebo_ros_plugins/include/uuv_gazebo_ros_plugins/LinearBatteryROSPlugin.h:30:10:[m[K [01;31m[Kfatal error: [m[Kgazebo_ros/node.hpp: No such file or directory
[9.639s]    30 | #include [01;31m[K<gazebo_ros/node.hpp>[m[K
[9.639s]       |          [01;31m[K^~~~~~~~~~~~~~~~~~~~~[m[K
[9.639s] compilation terminated.
[9.722s] gmake[2]: *** [CMakeFiles/linear_battery_ros_plugin.dir/build.make:76: CMakeFiles/linear_battery_ros_plugin.dir/src/LinearBatteryROSPlugin.cpp.o] Error 1
[9.723s] gmake[1]: *** [CMakeFiles/Makefile2:279: CMakeFiles/linear_battery_ros_plugin.dir/all] Error 2
[9.723s] gmake: *** [Makefile:146: all] Error 2
