[0.308s] Invoking command in '/home/sunny/catkin_ws/build/common_msgs': CMAKE_PREFIX_PATH=${CMAKE_PREFIX_PATH}:/home/sunny/catkin_ws/install/beluga_adapter:/opt/ros/humble /usr/bin/cmake /home/sunny/catkin_ws/src/common_msgs -DCMAKE_INSTALL_PREFIX=/home/sunny/catkin_ws/install/common_msgs
[0.398s] -- The C compiler identification is GNU 11.4.0
[0.463s] -- The CXX compiler identification is GNU 11.4.0
[0.473s] -- Detecting C compiler ABI info
[0.541s] -- Detecting C compiler ABI info - done
[0.547s] -- Check for working C compiler: /usr/bin/cc - skipped
[0.547s] -- Detecting C compile features
[0.548s] -- Detecting C compile features - done
[0.551s] -- Detecting CXX compiler ABI info
[0.629s] -- Detecting CXX compiler ABI info - done
[0.635s] -- Check for working CXX compiler: /usr/bin/c++ - skipped
[0.635s] -- Detecting CXX compile features
[0.635s] -- Detecting CXX compile features - done
[0.639s] -- Found ament_cmake: 1.3.6 (/opt/ros/humble/share/ament_cmake/cmake)
[0.785s] -- Found Python3: /usr/bin/python3.10 (found version "3.10.12") found components: Interpreter 
[0.892s] -- Found rosidl_default_generators: 1.2.0 (/opt/ros/humble/share/rosidl_default_generators/cmake)
[0.896s] -- Using all available rosidl_typesupport_c: rosidl_typesupport_fastrtps_c;rosidl_typesupport_introspection_c
[0.912s] -- Found rosidl_adapter: 3.1.5 (/opt/ros/humble/share/rosidl_adapter/cmake)
[0.956s] -- Using all available rosidl_typesupport_cpp: rosidl_typesupport_fastrtps_cpp;rosidl_typesupport_introspection_cpp
[1.194s] -- Found ament_cmake_ros: 0.10.0 (/opt/ros/humble/share/ament_cmake_ros/cmake)
[1.352s] -- Using all available rosidl_typesupport_c: rosidl_typesupport_fastrtps_c;rosidl_typesupport_introspection_c
[1.544s] -- Using all available rosidl_typesupport_cpp: rosidl_typesupport_fastrtps_cpp;rosidl_typesupport_introspection_cpp
[1.563s] -- Found PythonInterp: /usr/bin/python3 (found suitable version "3.10.12", minimum required is "3.6") 
[1.565s] -- Found python_cmake_module: 0.10.0 (/opt/ros/humble/share/python_cmake_module/cmake)
[1.588s] -- Found PythonLibs: /usr/lib/x86_64-linux-gnu/libpython3.10.so (found suitable version "3.10.12", minimum required is "3.5") 
[1.588s] -- Using PYTHON_EXECUTABLE: /usr/bin/python3
[1.589s] -- Using PYTHON_INCLUDE_DIRS: /usr/include/python3.10
[1.589s] -- Using PYTHON_LIBRARIES: /usr/lib/x86_64-linux-gnu/libpython3.10.so
[1.606s] -- Found PythonExtra: .so  
[1.634s] -- Found ament_lint_auto: 0.12.9 (/opt/ros/humble/share/ament_lint_auto/cmake)
[1.662s] -- Added test 'lint_cmake' to check CMake code style
[1.663s] -- Added test 'xmllint' to check XML markup files
[1.667s] -- Configuring done
[1.696s] -- Generating done
[1.698s] -- Build files have been written to: /home/sunny/catkin_ws/build/common_msgs
[1.706s] Invoked command in '/home/sunny/catkin_ws/build/common_msgs' returned '0': CMAKE_PREFIX_PATH=${CMAKE_PREFIX_PATH}:/home/sunny/catkin_ws/install/beluga_adapter:/opt/ros/humble /usr/bin/cmake /home/sunny/catkin_ws/src/common_msgs -DCMAKE_INSTALL_PREFIX=/home/sunny/catkin_ws/install/common_msgs
[1.707s] Invoking command in '/home/sunny/catkin_ws/build/common_msgs': CMAKE_PREFIX_PATH=${CMAKE_PREFIX_PATH}:/home/sunny/catkin_ws/install/beluga_adapter:/opt/ros/humble /usr/bin/cmake --build /home/sunny/catkin_ws/build/common_msgs -- -j16 -l16
[1.748s] [  3%] [34m[1mGenerating C code for ROS interfaces[0m
[1.758s] [  6%] [34m[1mGenerating C++ code for ROS interfaces[0m
[1.768s] [  6%] Built target ament_cmake_python_copy_common_msgs
[1.958s] [  6%] Built target common_msgs__cpp
[1.962s] [  9%] [32mBuilding C object CMakeFiles/common_msgs__rosidl_generator_c.dir/rosidl_generator_c/common_msgs/msg/detail/float_stamped__functions.c.o[0m
[1.970s] [ 19%] [34m[1mGenerating C++ type support for eProsima Fast-RTPS[0m
[1.970s] [ 19%] [34m[1mGenerating C++ type support dispatch for ROS interfaces[0m
[1.970s] [ 19%] [34m[1mGenerating C++ introspection for ROS interfaces[0m
[1.982s] running egg_info
[1.982s] In file included from [01m[K/home/sunny/catkin_ws/build/common_msgs/rosidl_generator_c/common_msgs/msg/detail/float_stamped__functions.h:19[m[K,
[1.982s]                  from [01m[K/home/sunny/catkin_ws/build/common_msgs/rosidl_generator_c/common_msgs/msg/detail/float_stamped__functions.c:4[m[K:
[1.982s] [01m[K/home/sunny/catkin_ws/build/common_msgs/rosidl_generator_c/common_msgs/msg/detail/float_stamped__struct.h:22:10:[m[K [01;31m[Kfatal error: [m[Kcommon_msgs/msg/detail/header__struct.h: No such file or directory
[1.982s]    22 | #include [01;31m[K"common_msgs/msg/detail/header__struct.h"[m[K
[1.982s]       |          [01;31m[K^~~~~~~~~~~~~~~~~~~~~~~~~~~~~~~~~~~~~~~~~[m[K
[1.983s] compilation terminated.
[1.983s] creating common_msgs.egg-info
[1.983s] writing common_msgs.egg-info/PKG-INFO
[1.983s] writing dependency_links to common_msgs.egg-info/dependency_links.txt
[1.983s] writing top-level names to common_msgs.egg-info/top_level.txt
[1.983s] writing manifest file 'common_msgs.egg-info/SOURCES.txt'
[1.983s] gmake[2]: *** [CMakeFiles/common_msgs__rosidl_generator_c.dir/build.make:105: CMakeFiles/common_msgs__rosidl_generator_c.dir/rosidl_generator_c/common_msgs/msg/detail/float_stamped__functions.c.o] Error 1
[1.983s] gmake[1]: *** [CMakeFiles/Makefile2:213: CMakeFiles/common_msgs__rosidl_generator_c.dir/all] Error 2
[1.984s] gmake[1]: *** Waiting for unfinished jobs....
[1.985s] reading manifest file 'common_msgs.egg-info/SOURCES.txt'
[1.985s] writing manifest file 'common_msgs.egg-info/SOURCES.txt'
[2.012s] [ 19%] Built target ament_cmake_python_build_common_msgs_egg
[2.151s] [ 22%] [32mBuilding CXX object CMakeFiles/common_msgs__rosidl_typesupport_cpp.dir/rosidl_typesupport_cpp/common_msgs/msg/float_stamped__type_support.cpp.o[0m
[2.176s] [ 25%] [32mBuilding CXX object CMakeFiles/common_msgs__rosidl_typesupport_introspection_cpp.dir/rosidl_typesupport_introspection_cpp/common_msgs/msg/detail/float_stamped__type_support.cpp.o[0m
[2.180s] [ 29%] [32mBuilding CXX object CMakeFiles/common_msgs__rosidl_typesupport_fastrtps_cpp.dir/rosidl_typesupport_fastrtps_cpp/common_msgs/msg/detail/dds_fastrtps/float_stamped__type_support.cpp.o[0m
[2.223s] In file included from [01m[K/home/sunny/catkin_ws/build/common_msgs/rosidl_typesupport_cpp/common_msgs/msg/float_stamped__type_support.cpp:7[m[K:
[2.224s] [01m[K/home/sunny/catkin_ws/build/common_msgs/rosidl_generator_cpp/common_msgs/msg/detail/float_stamped__struct.hpp:20:10:[m[K [01;31m[Kfatal error: [m[Kcommon_msgs/msg/detail/header__struct.hpp: No such file or directory
[2.224s]    20 | #include [01;31m[K"common_msgs/msg/detail/header__struct.hpp"[m[K
[2.224s]       |          [01;31m[K^~~~~~~~~~~~~~~~~~~~~~~~~~~~~~~~~~~~~~~~~~~[m[K
[2.224s] compilation terminated.
[2.226s] gmake[2]: *** [CMakeFiles/common_msgs__rosidl_typesupport_cpp.dir/build.make:86: CMakeFiles/common_msgs__rosidl_typesupport_cpp.dir/rosidl_typesupport_cpp/common_msgs/msg/float_stamped__type_support.cpp.o] Error 1
[2.226s] gmake[1]: *** [CMakeFiles/Makefile2:395: CMakeFiles/common_msgs__rosidl_typesupport_cpp.dir/all] Error 2
[2.239s] In file included from [01m[K/home/sunny/catkin_ws/build/common_msgs/rosidl_typesupport_introspection_cpp/common_msgs/msg/detail/float_stamped__type_support.cpp:12[m[K:
[2.239s] [01m[K/home/sunny/catkin_ws/build/common_msgs/rosidl_generator_cpp/common_msgs/msg/detail/float_stamped__struct.hpp:20:10:[m[K [01;31m[Kfatal error: [m[Kcommon_msgs/msg/detail/header__struct.hpp: No such file or directory
[2.239s]    20 | #include [01;31m[K"common_msgs/msg/detail/header__struct.hpp"[m[K
[2.240s]       |          [01;31m[K^~~~~~~~~~~~~~~~~~~~~~~~~~~~~~~~~~~~~~~~~~~[m[K
[2.240s] compilation terminated.
[2.241s] gmake[2]: *** [CMakeFiles/common_msgs__rosidl_typesupport_introspection_cpp.dir/build.make:91: CMakeFiles/common_msgs__rosidl_typesupport_introspection_cpp.dir/rosidl_typesupport_introspection_cpp/common_msgs/msg/detail/float_stamped__type_support.cpp.o] Error 1
[2.242s] gmake[1]: *** [CMakeFiles/Makefile2:369: CMakeFiles/common_msgs__rosidl_typesupport_introspection_cpp.dir/all] Error 2
[2.244s] In file included from [01m[K/home/sunny/catkin_ws/build/common_msgs/rosidl_typesupport_fastrtps_cpp/common_msgs/msg/detail/float_stamped__rosidl_typesupport_fastrtps_cpp.hpp:11[m[K,
[2.244s]                  from [01m[K/home/sunny/catkin_ws/build/common_msgs/rosidl_typesupport_fastrtps_cpp/common_msgs/msg/detail/dds_fastrtps/float_stamped__type_support.cpp:4[m[K:
[2.244s] [01m[K/home/sunny/catkin_ws/build/common_msgs/rosidl_generator_cpp/common_msgs/msg/detail/float_stamped__struct.hpp:20:10:[m[K [01;31m[Kfatal error: [m[Kcommon_msgs/msg/detail/header__struct.hpp: No such file or directory
[2.244s]    20 | #include [01;31m[K"common_msgs/msg/detail/header__struct.hpp"[m[K
[2.244s]       |          [01;31m[K^~~~~~~~~~~~~~~~~~~~~~~~~~~~~~~~~~~~~~~~~~~[m[K
[2.244s] compilation terminated.
[2.245s] gmake[2]: *** [CMakeFiles/common_msgs__rosidl_typesupport_fastrtps_cpp.dir/build.make:91: CMakeFiles/common_msgs__rosidl_typesupport_fastrtps_cpp.dir/rosidl_typesupport_fastrtps_cpp/common_msgs/msg/detail/dds_fastrtps/float_stamped__type_support.cpp.o] Error 1
[2.246s] gmake[1]: *** [CMakeFiles/Makefile2:343: CMakeFiles/common_msgs__rosidl_typesupport_fastrtps_cpp.dir/all] Error 2
[2.246s] gmake: *** [Makefile:146: all] Error 2
[2.249s] Invoked command in '/home/sunny/catkin_ws/build/common_msgs' returned '2': CMAKE_PREFIX_PATH=${CMAKE_PREFIX_PATH}:/home/sunny/catkin_ws/install/beluga_adapter:/opt/ros/humble /usr/bin/cmake --build /home/sunny/catkin_ws/build/common_msgs -- -j16 -l16
