[0.137s] Invoking command in '/home/sunny/catkin_ws/build/uuv_gazebo_ros_plugins': CMAKE_PREFIX_PATH=/home/sunny/catkin_ws/install/uuv_gazebo_ros_plugins_msgs:/home/sunny/catkin_ws/install/uuv_gazebo_plugins:/home/sunny/catkin_ws/install/uuv_world_ros_plugins_msgs:/home/sunny/catkin_ws/install/uuv_world_plugins:/home/sunny/catkin_ws/install/uuv_tutorial_seabed_world:/home/sunny/catkin_ws/install/uuv_trajectory_control:/home/sunny/catkin_ws/install/uuv_thruster_manager:/home/sunny/catkin_ws/install/uuv_sensor_ros_plugins_msgs:/home/sunny/catkin_ws/install/uuv_gazebo_worlds:/home/sunny/catkin_ws/install/uuv_gazebo:/home/sunny/catkin_ws/install/uuv_control_msgs:/home/sunny/catkin_ws/install/uuv_control_cascaded_pid:/home/sunny/catkin_ws/install/uuv_auv_control_allocator:/home/sunny/catkin_ws/install/uuv_assistants:/home/sunny/catkin_ws/install/plankton_utils:/home/sunny/catkin_ws/install/turtlesim:/home/sunny/catkin_ws/install/common_msgs:/home/sunny/catkin_ws/install/beluga_simulator:/home/sunny/catkin_ws/install/beluga_adapter:/opt/ros/humble LD_LIBRARY_PATH=/home/sunny/catkin_ws/install/uuv_gazebo_ros_plugins_msgs/lib:/home/sunny/catkin_ws/install/uuv_gazebo_plugins/lib:/home/sunny/catkin_ws/install/uuv_world_ros_plugins_msgs/lib:/home/sunny/catkin_ws/install/uuv_world_plugins/lib:/home/sunny/catkin_ws/install/uuv_thruster_manager/lib:/home/sunny/catkin_ws/install/uuv_sensor_ros_plugins_msgs/lib:/home/sunny/catkin_ws/install/uuv_control_msgs/lib:/home/sunny/catkin_ws/install/uuv_auv_control_allocator/lib:/home/sunny/catkin_ws/install/turtlesim/lib:/home/sunny/catkin_ws/install/common_msgs/lib:/opt/ros/humble/opt/rviz_ogre_vendor/lib:/opt/ros/humble/lib/x86_64-linux-gnu:/opt/ros/humble/lib:/usr/lib/x86_64-linux-gnu/gazebo-11/plugins /usr/bin/cmake --build /home/sunny/catkin_ws/build/uuv_gazebo_ros_plugins -- -j16 -l16
[0.282s] [  7%] [32mBuilding CXX object CMakeFiles/uuv_thruster_ros_plugin.dir/src/ThrusterROSPlugin.cpp.o[0m
[0.285s] [ 14%] [32mBuilding CXX object CMakeFiles/uuv_fin_ros_plugin.dir/src/FinROSPlugin.cpp.o[0m
[0.300s] [ 21%] [32mBuilding CXX object CMakeFiles/uuv_joint_state_publisher.dir/src/JointStatePublisher.cpp.o[0m
[0.315s] [ 28%] [32mBuilding CXX object CMakeFiles/uuv_underwater_object_ros_plugin.dir/src/UnderwaterObjectROSPlugin.cpp.o[0m
[0.356s] [ 35%] [32mBuilding CXX object CMakeFiles/linear_battery_ros_plugin.dir/src/LinearBatteryROSPlugin.cpp.o[0m
[0.360s] [ 42%] [32mBuilding CXX object CMakeFiles/custom_battery_consumer_ros_plugin.dir/src/CustomBatteryConsumerROSPlugin.cpp.o[0m
[0.361s] [ 50%] [32mBuilding CXX object CMakeFiles/uuv_accelerations_test_plugin.dir/src/AccelerationsTestPlugin.cpp.o[0m
[3.201s] In file included from [01m[K/home/sunny/catkin_ws/src/Plankton/uuv_gazebo_plugins/uuv_gazebo_ros_plugins/src/ThrusterROSPlugin.cpp:22[m[K:
[3.202s] [01m[K/home/sunny/catkin_ws/src/Plankton/uuv_gazebo_plugins/uuv_gazebo_ros_plugins/include/uuv_gazebo_ros_plugins/ThrusterROSPlugin.h:36:10:[m[K [01;31m[Kfatal error: [m[Kgazebo_ros/node.hpp: No such file or directory
[3.202s]    36 | #include [01;31m[K<gazebo_ros/node.hpp>[m[K
[3.202s]       |          [01;31m[K^~~~~~~~~~~~~~~~~~~~~[m[K
[3.202s] compilation terminated.
[3.203s] gmake[2]: *** [CMakeFiles/uuv_thruster_ros_plugin.dir/build.make:76: CMakeFiles/uuv_thruster_ros_plugin.dir/src/ThrusterROSPlugin.cpp.o] Error 1
[3.204s] gmake[1]: *** [CMakeFiles/Makefile2:175: CMakeFiles/uuv_thruster_ros_plugin.dir/all] Error 2
[3.204s] gmake[1]: *** Waiting for unfinished jobs....
[6.293s] In file included from [01m[K/home/sunny/catkin_ws/src/Plankton/uuv_gazebo_plugins/uuv_gazebo_ros_plugins/src/UnderwaterObjectROSPlugin.cpp:22[m[K:
[6.293s] [01m[K/home/sunny/catkin_ws/src/Plankton/uuv_gazebo_plugins/uuv_gazebo_ros_plugins/include/uuv_gazebo_ros_plugins/UnderwaterObjectROSPlugin.h:34:10:[m[K [01;31m[Kfatal error: [m[Kgazebo_ros/node.hpp: No such file or directory
[6.294s]    34 | #include [01;31m[K<gazebo_ros/node.hpp>[m[K
[6.294s]       |          [01;31m[K^~~~~~~~~~~~~~~~~~~~~[m[K
[6.295s] compilation terminated.
[6.364s] gmake[2]: *** [CMakeFiles/uuv_underwater_object_ros_plugin.dir/build.make:76: CMakeFiles/uuv_underwater_object_ros_plugin.dir/src/UnderwaterObjectROSPlugin.cpp.o] Error 1
[6.365s] gmake[1]: *** [CMakeFiles/Makefile2:201: CMakeFiles/uuv_underwater_object_ros_plugin.dir/all] Error 2
[6.638s] In file included from [01m[K/home/sunny/catkin_ws/src/Plankton/uuv_gazebo_plugins/uuv_gazebo_ros_plugins/src/FinROSPlugin.cpp:22[m[K:
[6.639s] [01m[K/home/sunny/catkin_ws/src/Plankton/uuv_gazebo_plugins/uuv_gazebo_ros_plugins/include/uuv_gazebo_ros_plugins/FinROSPlugin.h:31:10:[m[K [01;31m[Kfatal error: [m[Kgazebo_ros/node.hpp: No such file or directory
[6.640s]    31 | #include [01;31m[K<gazebo_ros/node.hpp>[m[K
[6.641s]       |          [01;31m[K^~~~~~~~~~~~~~~~~~~~~[m[K
[6.642s] compilation terminated.
[6.706s] gmake[2]: *** [CMakeFiles/uuv_fin_ros_plugin.dir/build.make:76: CMakeFiles/uuv_fin_ros_plugin.dir/src/FinROSPlugin.cpp.o] Error 1
[6.708s] gmake[1]: *** [CMakeFiles/Makefile2:149: CMakeFiles/uuv_fin_ros_plugin.dir/all] Error 2
[7.019s] In file included from [01m[K/home/sunny/catkin_ws/src/Plankton/uuv_gazebo_plugins/uuv_gazebo_ros_plugins/src/JointStatePublisher.cpp:22[m[K:
[7.020s] [01m[K/home/sunny/catkin_ws/src/Plankton/uuv_gazebo_plugins/uuv_gazebo_ros_plugins/include/uuv_gazebo_ros_plugins/JointStatePublisher.h:40:10:[m[K [01;31m[Kfatal error: [m[Kgazebo_ros/node.hpp: No such file or directory
[7.020s]    40 | #include [01;31m[K<gazebo_ros/node.hpp>[m[K
[7.020s]       |          [01;31m[K^~~~~~~~~~~~~~~~~~~~~[m[K
[7.020s] compilation terminated.
[7.100s] gmake[2]: *** [CMakeFiles/uuv_joint_state_publisher.dir/build.make:76: CMakeFiles/uuv_joint_state_publisher.dir/src/JointStatePublisher.cpp.o] Error 1
[7.101s] gmake[1]: *** [CMakeFiles/Makefile2:227: CMakeFiles/uuv_joint_state_publisher.dir/all] Error 2
[7.609s] In file included from [01m[K/home/sunny/catkin_ws/src/Plankton/uuv_gazebo_plugins/uuv_gazebo_ros_plugins/src/CustomBatteryConsumerROSPlugin.cpp:22[m[K:
[7.610s] [01m[K/home/sunny/catkin_ws/src/Plankton/uuv_gazebo_plugins/uuv_gazebo_ros_plugins/include/uuv_gazebo_ros_plugins/CustomBatteryConsumerROSPlugin.h:30:10:[m[K [01;31m[Kfatal error: [m[Kgazebo_ros/node.hpp: No such file or directory
[7.611s]    30 | #include [01;31m[K<gazebo_ros/node.hpp>[m[K
[7.612s]       |          [01;31m[K^~~~~~~~~~~~~~~~~~~~~[m[K
[7.612s] compilation terminated.
[7.689s] gmake[2]: *** [CMakeFiles/custom_battery_consumer_ros_plugin.dir/build.make:76: CMakeFiles/custom_battery_consumer_ros_plugin.dir/src/CustomBatteryConsumerROSPlugin.cpp.o] Error 1
[7.690s] gmake[1]: *** [CMakeFiles/Makefile2:305: CMakeFiles/custom_battery_consumer_ros_plugin.dir/all] Error 2
[8.163s] In file included from [01m[K/home/sunny/catkin_ws/src/Plankton/uuv_gazebo_plugins/uuv_gazebo_ros_plugins/src/AccelerationsTestPlugin.cpp:34[m[K:
[8.163s] [01m[K/home/sunny/catkin_ws/src/Plankton/uuv_gazebo_plugins/uuv_gazebo_ros_plugins/include/uuv_gazebo_ros_plugins/AccelerationsTestPlugin.h:31:10:[m[K [01;31m[Kfatal error: [m[Kgazebo_ros/node.hpp: No such file or directory
[8.164s]    31 | #include [01;31m[K<gazebo_ros/node.hpp>[m[K
[8.164s]       |          [01;31m[K^~~~~~~~~~~~~~~~~~~~~[m[K
[8.165s] compilation terminated.
[8.243s] gmake[2]: *** [CMakeFiles/uuv_accelerations_test_plugin.dir/build.make:76: CMakeFiles/uuv_accelerations_test_plugin.dir/src/AccelerationsTestPlugin.cpp.o] Error 1
[8.244s] gmake[1]: *** [CMakeFiles/Makefile2:253: CMakeFiles/uuv_accelerations_test_plugin.dir/all] Error 2
[8.373s] In file included from [01m[K/home/sunny/catkin_ws/src/Plankton/uuv_gazebo_plugins/uuv_gazebo_ros_plugins/src/LinearBatteryROSPlugin.cpp:22[m[K:
[8.374s] [01m[K/home/sunny/catkin_ws/src/Plankton/uuv_gazebo_plugins/uuv_gazebo_ros_plugins/include/uuv_gazebo_ros_plugins/LinearBatteryROSPlugin.h:30:10:[m[K [01;31m[Kfatal error: [m[Kgazebo_ros/node.hpp: No such file or directory
[8.374s]    30 | #include [01;31m[K<gazebo_ros/node.hpp>[m[K
[8.374s]       |          [01;31m[K^~~~~~~~~~~~~~~~~~~~~[m[K
[8.374s] compilation terminated.
[8.446s] gmake[2]: *** [CMakeFiles/linear_battery_ros_plugin.dir/build.make:76: CMakeFiles/linear_battery_ros_plugin.dir/src/LinearBatteryROSPlugin.cpp.o] Error 1
[8.446s] gmake[1]: *** [CMakeFiles/Makefile2:279: CMakeFiles/linear_battery_ros_plugin.dir/all] Error 2
[8.446s] gmake: *** [Makefile:146: all] Error 2
