-- The C compiler identification is GNU 11.4.0
-- The CXX compiler identification is GNU 11.4.0
-- Detecting C compiler ABI info
-- Detecting C compiler ABI info - done
-- Check for working C compiler: /usr/bin/cc - skipped
-- Detecting C compile features
-- Detecting C compile features - done
-- Detecting CXX compiler ABI info
-- Detecting CXX compiler ABI info - done
-- Check for working CXX compiler: /usr/bin/c++ - skipped
-- Detecting CXX compile features
-- Detecting CXX compile features - done
-- Found geometry_msgs: 4.2.3 (/opt/ros/humble/share/geometry_msgs/cmake)
-- Found Python3: /usr/bin/python3.10 (found version "3.10.12") found components: Interpreter 
-- Found rosidl_generator_c: 3.1.5 (/opt/ros/humble/share/rosidl_generator_c/cmake)
-- Found rosidl_adapter: 3.1.5 (/opt/ros/humble/share/rosidl_adapter/cmake)
-- Found rosidl_generator_cpp: 3.1.5 (/opt/ros/humble/share/rosidl_generator_cpp/cmake)
-- Using all available rosidl_typesupport_c: rosidl_typesupport_fastrtps_c;rosidl_typesupport_introspection_c
-- Using all available rosidl_typesupport_cpp: rosidl_typesupport_fastrtps_cpp;rosidl_typesupport_introspection_cpp
-- Found tf2_ros: 0.25.5 (/opt/ros/humble/share/tf2_ros/cmake)
-- Found rmw_implementation_cmake: 6.1.1 (/opt/ros/humble/share/rmw_implementation_cmake/cmake)
-- Found rmw_fastrtps_cpp: 6.2.5 (/opt/ros/humble/share/rmw_fastrtps_cpp/cmake)
-- Found OpenSSL: /usr/lib/x86_64-linux-gnu/libcrypto.so (found version "3.0.2")  
-- Found FastRTPS: /opt/ros/humble/include  
-- Using RMW implementation 'rmw_fastrtps_cpp' as default
-- Looking for pthread.h
-- Looking for pthread.h - found
-- Performing Test CMAKE_HAVE_LIBC_PTHREAD
-- Performing Test CMAKE_HAVE_LIBC_PTHREAD - Success
-- Found Threads: TRUE  
-- Found tf2_geometry_msgs: 0.25.5 (/opt/ros/humble/share/tf2_geometry_msgs/cmake)
-- Found eigen3_cmake_module: 0.1.1 (/opt/ros/humble/share/eigen3_cmake_module/cmake)
-- Found Eigen3: TRUE (found version "3.4.0") 
-- Ensuring Eigen3 include directory is part of orocos-kdl CMake target
-- Found sensor_msgs: 4.2.3 (/opt/ros/humble/share/sensor_msgs/cmake)
-- Found nav_msgs: 4.2.3 (/opt/ros/humble/share/nav_msgs/cmake)
-- Configuring done
-- Generating done
-- Build files have been written to: /home/sunny/catkin_ws/build/uuv_assistants
[ 50%] [32mBuilding CXX object CMakeFiles/uuv_message_to_tf.dir/src/message_to_tf.cpp.o[0m
[ 50%] Built target ament_cmake_python_copy_tf_quaternion
running egg_info
creating tf_quaternion.egg-info
writing tf_quaternion.egg-info/PKG-INFO
writing dependency_links to tf_quaternion.egg-info/dependency_links.txt
writing top-level names to tf_quaternion.egg-info/top_level.txt
writing manifest file 'tf_quaternion.egg-info/SOURCES.txt'
reading manifest file 'tf_quaternion.egg-info/SOURCES.txt'
writing manifest file 'tf_quaternion.egg-info/SOURCES.txt'
[ 50%] Built target ament_cmake_python_build_tf_quaternion_egg
In file included from [01m[K/home/sunny/catkin_ws/src/Plankton/uuv_assistants/src/message_to_tf.cpp:41[m[K:
[01m[K/opt/ros/humble/include/tf2_geometry_msgs/tf2_geometry_msgs/tf2_geometry_msgs.h:35:2:[m[K [01;35m[Kwarning: [m[K#warning This header is obsolete, please include tf2_geometry_msgs/tf2_geometry_msgs.hpp instead [[01;35m[K]8;;https://gcc.gnu.org/onlinedocs/gcc/Warning-Options.html#index-Wcpp-Wcpp]8;;[m[K]
   35 | #[01;35m[Kwarning[m[K This header is obsolete, please include tf2_geometry_msgs/tf2_geometry_msgs.hpp instead
      |  [01;35m[K^~~~~~~[m[K
[01m[K/home/sunny/catkin_ws/src/Plankton/uuv_assistants/src/message_to_tf.cpp:78:22:[m[K [01;31m[Kerror: [m[Kredefinition of â€˜[01m[Kvoid tf2::fromMsg(const Point&, tf2::Vector3&)[m[Kâ€™
   78 |   static inline void [01;31m[KfromMsg[m[K(const geometry_msgs::msg::Point& msgIn, tf2::Vector3& out)
      |                      [01;31m[K^~~~~~~[m[K
In file included from [01m[K/opt/ros/humble/include/tf2_geometry_msgs/tf2_geometry_msgs/tf2_geometry_msgs.h:37[m[K,
                 from [01m[K/home/sunny/catkin_ws/src/Plankton/uuv_assistants/src/message_to_tf.cpp:41[m[K:
[01m[K/opt/ros/humble/include/tf2_geometry_msgs/tf2_geometry_msgs/tf2_geometry_msgs.hpp:243:6:[m[K [01;36m[Knote: [m[Kâ€˜[01m[Kvoid tf2::fromMsg(const Point&, tf2::Vector3&)[m[Kâ€™ previously defined here
  243 | void [01;36m[KfromMsg[m[K(const geometry_msgs::msg::Point & in, tf2::Vector3 & out)
      |      [01;36m[K^~~~~~~[m[K
gmake[2]: *** [CMakeFiles/uuv_message_to_tf.dir/build.make:76: CMakeFiles/uuv_message_to_tf.dir/src/message_to_tf.cpp.o] Error 1
gmake[1]: *** [CMakeFiles/Makefile2:140: CMakeFiles/uuv_message_to_tf.dir/all] Error 2
gmake: *** [Makefile:146: all] Error 2
