[0.652s] Invoking command in '/home/sunny/catkin_ws/build/uuv_world_ros_plugins': CMAKE_PREFIX_PATH=${CMAKE_PREFIX_PATH}:/home/sunny/catkin_ws/install/beluga_adapter:/opt/ros/humble LD_LIBRARY_PATH=/home/sunny/catkin_ws/install/uuv_world_ros_plugins_msgs/lib:/home/sunny/catkin_ws/install/uuv_world_plugins/lib:/home/sunny/catkin_ws/install/uuv_thruster_manager/lib:/home/sunny/catkin_ws/install/uuv_sensor_ros_plugins_msgs/lib:/home/sunny/catkin_ws/install/uuv_gazebo_ros_plugins_msgs/lib:/home/sunny/catkin_ws/install/uuv_gazebo_plugins/lib:/home/sunny/catkin_ws/install/uuv_control_msgs/lib:/home/sunny/catkin_ws/install/uuv_auv_control_allocator/lib:/home/sunny/catkin_ws/install/turtlesim/lib:/home/sunny/catkin_ws/install/common_msgs/lib:/opt/ros/humble/opt/rviz_ogre_vendor/lib:/opt/ros/humble/lib/x86_64-linux-gnu:/opt/ros/humble/lib:/usr/lib/x86_64-linux-gnu/gazebo-11/plugins /usr/bin/cmake --build /home/sunny/catkin_ws/build/uuv_world_ros_plugins -- -j16 -l16
[0.763s] [ 50%] [32mBuilding CXX object CMakeFiles/uuv_underwater_current_ros_plugin.dir/src/UnderwaterCurrentROSPlugin.cpp.o[0m
[0.763s] [ 50%] [32mBuilding CXX object CMakeFiles/uuv_sc_ros_interface_plugin.dir/src/SphericalCoordinatesROSInterfacePlugin.cpp.o[0m
[6.645s] In file included from [01m[K/home/sunny/catkin_ws/src/Plankton/uuv_world_plugins/uuv_world_ros_plugins/src/SphericalCoordinatesROSInterfacePlugin.cpp:24[m[K:
[6.645s] [01m[K/home/sunny/catkin_ws/src/Plankton/uuv_world_plugins/uuv_world_ros_plugins/include/uuv_world_ros_plugins/SphericalCoordinatesROSInterfacePlugin.h:35:10:[m[K [01;31m[Kfatal error: [m[Kgazebo_ros/node.hpp: No such file or directory
[6.645s]    35 | #include [01;31m[K<gazebo_ros/node.hpp>[m[K
[6.646s]       |          [01;31m[K^~~~~~~~~~~~~~~~~~~~~[m[K
[6.646s] compilation terminated.
[6.723s] gmake[2]: *** [CMakeFiles/uuv_sc_ros_interface_plugin.dir/build.make:76: CMakeFiles/uuv_sc_ros_interface_plugin.dir/src/SphericalCoordinatesROSInterfacePlugin.cpp.o] Error 1
[6.723s] gmake[1]: *** [CMakeFiles/Makefile2:165: CMakeFiles/uuv_sc_ros_interface_plugin.dir/all] Error 2
[6.723s] gmake[1]: *** Waiting for unfinished jobs....
[6.810s] In file included from [01m[K/home/sunny/catkin_ws/src/Plankton/uuv_world_plugins/uuv_world_ros_plugins/src/UnderwaterCurrentROSPlugin.cpp:22[m[K:
[6.811s] [01m[K/home/sunny/catkin_ws/src/Plankton/uuv_world_plugins/uuv_world_ros_plugins/include/uuv_world_ros_plugins/UnderwaterCurrentROSPlugin.h:38:10:[m[K [01;31m[Kfatal error: [m[Kgazebo_ros/node.hpp: No such file or directory
[6.811s]    38 | #include [01;31m[K<gazebo_ros/node.hpp>[m[K
[6.811s]       |          [01;31m[K^~~~~~~~~~~~~~~~~~~~~[m[K
[6.811s] compilation terminated.
[6.871s] gmake[2]: *** [CMakeFiles/uuv_underwater_current_ros_plugin.dir/build.make:76: CMakeFiles/uuv_underwater_current_ros_plugin.dir/src/UnderwaterCurrentROSPlugin.cpp.o] Error 1
[6.871s] gmake[1]: *** [CMakeFiles/Makefile2:139: CMakeFiles/uuv_underwater_current_ros_plugin.dir/all] Error 2
[6.871s] gmake: *** [Makefile:146: all] Error 2
[6.894s] Invoked command in '/home/sunny/catkin_ws/build/uuv_world_ros_plugins' returned '2': CMAKE_PREFIX_PATH=${CMAKE_PREFIX_PATH}:/home/sunny/catkin_ws/install/beluga_adapter:/opt/ros/humble LD_LIBRARY_PATH=/home/sunny/catkin_ws/install/uuv_world_ros_plugins_msgs/lib:/home/sunny/catkin_ws/install/uuv_world_plugins/lib:/home/sunny/catkin_ws/install/uuv_thruster_manager/lib:/home/sunny/catkin_ws/install/uuv_sensor_ros_plugins_msgs/lib:/home/sunny/catkin_ws/install/uuv_gazebo_ros_plugins_msgs/lib:/home/sunny/catkin_ws/install/uuv_gazebo_plugins/lib:/home/sunny/catkin_ws/install/uuv_control_msgs/lib:/home/sunny/catkin_ws/install/uuv_auv_control_allocator/lib:/home/sunny/catkin_ws/install/turtlesim/lib:/home/sunny/catkin_ws/install/common_msgs/lib:/opt/ros/humble/opt/rviz_ogre_vendor/lib:/opt/ros/humble/lib/x86_64-linux-gnu:/opt/ros/humble/lib:/usr/lib/x86_64-linux-gnu/gazebo-11/plugins /usr/bin/cmake --build /home/sunny/catkin_ws/build/uuv_world_ros_plugins -- -j16 -l16
