[0.345s] Invoking command in '/home/sunny/catkin_ws/build/common_msgs': CMAKE_PREFIX_PATH=${CMAKE_PREFIX_PATH}:/home/sunny/catkin_ws/install/beluga_adapter:/opt/ros/humble /usr/bin/cmake --build /home/sunny/catkin_ws/build/common_msgs -- -j16 -l16
[0.365s] -- Found ament_cmake: 1.3.6 (/opt/ros/humble/share/ament_cmake/cmake)
[0.498s] -- Found rosidl_default_generators: 1.2.0 (/opt/ros/humble/share/rosidl_default_generators/cmake)
[0.501s] -- Using all available rosidl_typesupport_c: rosidl_typesupport_fastrtps_c;rosidl_typesupport_introspection_c
[0.505s] -- Found rosidl_adapter: 3.1.5 (/opt/ros/humble/share/rosidl_adapter/cmake)
[0.548s] -- Using all available rosidl_typesupport_cpp: rosidl_typesupport_fastrtps_cpp;rosidl_typesupport_introspection_cpp
[0.572s] -- Found std_msgs: 4.2.3 (/opt/ros/humble/share/std_msgs/cmake)
[0.839s] -- Found ament_cmake_ros: 0.10.0 (/opt/ros/humble/share/ament_cmake_ros/cmake)
[1.019s] -- Using all available rosidl_typesupport_c: rosidl_typesupport_fastrtps_c;rosidl_typesupport_introspection_c
[1.270s] -- Using all available rosidl_typesupport_cpp: rosidl_typesupport_fastrtps_cpp;rosidl_typesupport_introspection_cpp
[1.290s] -- Found python_cmake_module: 0.10.0 (/opt/ros/humble/share/python_cmake_module/cmake)
[1.310s] -- Using PYTHON_EXECUTABLE: /usr/bin/python3
[1.311s] -- Using PYTHON_INCLUDE_DIRS: /usr/include/python3.10
[1.311s] -- Using PYTHON_LIBRARIES: /usr/lib/x86_64-linux-gnu/libpython3.10.so
[1.331s] -- Found ament_lint_auto: 0.12.9 (/opt/ros/humble/share/ament_lint_auto/cmake)
[1.339s] -- Added test 'lint_cmake' to check CMake code style
[1.340s] -- Added test 'xmllint' to check XML markup files
[1.342s] -- Configuring done
[1.376s] -- Generating done
[1.379s] -- Build files have been written to: /home/sunny/catkin_ws/build/common_msgs
[1.418s] [  3%] [32mBuilding C object CMakeFiles/common_msgs__rosidl_generator_c.dir/rosidl_generator_c/common_msgs/msg/detail/float_stamped__functions.c.o[0m
[1.419s] [  6%] Built target common_msgs__cpp
[1.428s] [  6%] Built target ament_cmake_python_copy_common_msgs
[1.432s] In file included from [01m[K/home/sunny/catkin_ws/build/common_msgs/rosidl_generator_c/common_msgs/msg/detail/float_stamped__functions.h:19[m[K,
[1.432s]                  from [01m[K/home/sunny/catkin_ws/build/common_msgs/rosidl_generator_c/common_msgs/msg/detail/float_stamped__functions.c:4[m[K:
[1.432s] [01m[K/home/sunny/catkin_ws/build/common_msgs/rosidl_generator_c/common_msgs/msg/detail/float_stamped__struct.h:22:10:[m[K [01;31m[Kfatal error: [m[Kcommon_msgs/msg/detail/header__struct.h: No such file or directory
[1.433s]    22 | #include [01;31m[K"common_msgs/msg/detail/header__struct.h"[m[K
[1.433s]       |          [01;31m[K^~~~~~~~~~~~~~~~~~~~~~~~~~~~~~~~~~~~~~~~~[m[K
[1.433s] compilation terminated.
[1.434s] gmake[2]: *** [CMakeFiles/common_msgs__rosidl_generator_c.dir/build.make:137: CMakeFiles/common_msgs__rosidl_generator_c.dir/rosidl_generator_c/common_msgs/msg/detail/float_stamped__functions.c.o] Error 1
[1.434s] gmake[1]: *** [CMakeFiles/Makefile2:213: CMakeFiles/common_msgs__rosidl_generator_c.dir/all] Error 2
[1.434s] gmake[1]: *** Waiting for unfinished jobs....
[1.443s] [ 12%] [32mBuilding CXX object CMakeFiles/common_msgs__rosidl_typesupport_fastrtps_cpp.dir/rosidl_typesupport_fastrtps_cpp/common_msgs/msg/detail/dds_fastrtps/float_stamped__type_support.cpp.o[0m
[1.443s] [ 12%] [32mBuilding CXX object CMakeFiles/common_msgs__rosidl_typesupport_introspection_cpp.dir/rosidl_typesupport_introspection_cpp/common_msgs/msg/detail/float_stamped__type_support.cpp.o[0m
[1.444s] [ 16%] [32mBuilding CXX object CMakeFiles/common_msgs__rosidl_typesupport_cpp.dir/rosidl_typesupport_cpp/common_msgs/msg/float_stamped__type_support.cpp.o[0m
[1.494s] In file included from [01m[K/home/sunny/catkin_ws/build/common_msgs/rosidl_typesupport_fastrtps_cpp/common_msgs/msg/detail/float_stamped__rosidl_typesupport_fastrtps_cpp.hpp:11[m[K,
[1.494s]                  from [01m[K/home/sunny/catkin_ws/build/common_msgs/rosidl_typesupport_fastrtps_cpp/common_msgs/msg/detail/dds_fastrtps/float_stamped__type_support.cpp:4[m[K:
[1.494s] [01m[K/home/sunny/catkin_ws/build/common_msgs/rosidl_generator_cpp/common_msgs/msg/detail/float_stamped__struct.hpp:20:10:[m[K [01;31m[Kfatal error: [m[Kcommon_msgs/msg/detail/header__struct.hpp: No such file or directory
[1.494s]    20 | #include [01;31m[K"common_msgs/msg/detail/header__struct.hpp"[m[K
[1.494s]       |          [01;31m[K^~~~~~~~~~~~~~~~~~~~~~~~~~~~~~~~~~~~~~~~~~~[m[K
[1.494s] compilation terminated.
[1.496s] gmake[2]: *** [CMakeFiles/common_msgs__rosidl_typesupport_fastrtps_cpp.dir/build.make:123: CMakeFiles/common_msgs__rosidl_typesupport_fastrtps_cpp.dir/rosidl_typesupport_fastrtps_cpp/common_msgs/msg/detail/dds_fastrtps/float_stamped__type_support.cpp.o] Error 1
[1.496s] gmake[1]: *** [CMakeFiles/Makefile2:343: CMakeFiles/common_msgs__rosidl_typesupport_fastrtps_cpp.dir/all] Error 2
[1.506s] In file included from [01m[K/home/sunny/catkin_ws/build/common_msgs/rosidl_typesupport_cpp/common_msgs/msg/float_stamped__type_support.cpp:7[m[K:
[1.506s] [01m[K/home/sunny/catkin_ws/build/common_msgs/rosidl_generator_cpp/common_msgs/msg/detail/float_stamped__struct.hpp:20:10:[m[K [01;31m[Kfatal error: [m[Kcommon_msgs/msg/detail/header__struct.hpp: No such file or directory
[1.506s]    20 | #include [01;31m[K"common_msgs/msg/detail/header__struct.hpp"[m[K
[1.507s]       |          [01;31m[K^~~~~~~~~~~~~~~~~~~~~~~~~~~~~~~~~~~~~~~~~~~[m[K
[1.507s] compilation terminated.
[1.509s] gmake[2]: *** [CMakeFiles/common_msgs__rosidl_typesupport_cpp.dir/build.make:118: CMakeFiles/common_msgs__rosidl_typesupport_cpp.dir/rosidl_typesupport_cpp/common_msgs/msg/float_stamped__type_support.cpp.o] Error 1
[1.509s] gmake[1]: *** [CMakeFiles/Makefile2:395: CMakeFiles/common_msgs__rosidl_typesupport_cpp.dir/all] Error 2
[1.514s] In file included from [01m[K/home/sunny/catkin_ws/build/common_msgs/rosidl_typesupport_introspection_cpp/common_msgs/msg/detail/float_stamped__type_support.cpp:12[m[K:
[1.514s] [01m[K/home/sunny/catkin_ws/build/common_msgs/rosidl_generator_cpp/common_msgs/msg/detail/float_stamped__struct.hpp:20:10:[m[K [01;31m[Kfatal error: [m[Kcommon_msgs/msg/detail/header__struct.hpp: No such file or directory
[1.514s]    20 | #include [01;31m[K"common_msgs/msg/detail/header__struct.hpp"[m[K
[1.514s]       |          [01;31m[K^~~~~~~~~~~~~~~~~~~~~~~~~~~~~~~~~~~~~~~~~~~[m[K
[1.514s] compilation terminated.
[1.516s] gmake[2]: *** [CMakeFiles/common_msgs__rosidl_typesupport_introspection_cpp.dir/build.make:123: CMakeFiles/common_msgs__rosidl_typesupport_introspection_cpp.dir/rosidl_typesupport_introspection_cpp/common_msgs/msg/detail/float_stamped__type_support.cpp.o] Error 1
[1.517s] gmake[1]: *** [CMakeFiles/Makefile2:369: CMakeFiles/common_msgs__rosidl_typesupport_introspection_cpp.dir/all] Error 2
[1.641s] running egg_info
[1.642s] writing common_msgs.egg-info/PKG-INFO
[1.642s] writing dependency_links to common_msgs.egg-info/dependency_links.txt
[1.642s] writing top-level names to common_msgs.egg-info/top_level.txt
[1.644s] reading manifest file 'common_msgs.egg-info/SOURCES.txt'
[1.644s] writing manifest file 'common_msgs.egg-info/SOURCES.txt'
[1.673s] [ 16%] Built target ament_cmake_python_build_common_msgs_egg
[1.674s] gmake: *** [Makefile:146: all] Error 2
[1.676s] Invoked command in '/home/sunny/catkin_ws/build/common_msgs' returned '2': CMAKE_PREFIX_PATH=${CMAKE_PREFIX_PATH}:/home/sunny/catkin_ws/install/beluga_adapter:/opt/ros/humble /usr/bin/cmake --build /home/sunny/catkin_ws/build/common_msgs -- -j16 -l16
