[0.151s] Invoking command in '/home/sunny/catkin_ws/build/uuv_gazebo_ros_plugins': CMAKE_PREFIX_PATH=/home/sunny/catkin_ws/install/uuv_gazebo_ros_plugins_msgs:/home/sunny/catkin_ws/install/uuv_gazebo_plugins:/home/sunny/catkin_ws/install/uuv_world_ros_plugins_msgs:/home/sunny/catkin_ws/install/uuv_world_plugins:/home/sunny/catkin_ws/install/uuv_tutorial_seabed_world:/home/sunny/catkin_ws/install/uuv_trajectory_control:/home/sunny/catkin_ws/install/uuv_thruster_manager:/home/sunny/catkin_ws/install/uuv_sensor_ros_plugins_msgs:/home/sunny/catkin_ws/install/uuv_gazebo_worlds:/home/sunny/catkin_ws/install/uuv_gazebo:/home/sunny/catkin_ws/install/uuv_control_msgs:/home/sunny/catkin_ws/install/uuv_control_cascaded_pid:/home/sunny/catkin_ws/install/uuv_auv_control_allocator:/home/sunny/catkin_ws/install/uuv_assistants:/home/sunny/catkin_ws/install/plankton_utils:/home/sunny/catkin_ws/install/turtlesim:/home/sunny/catkin_ws/install/common_msgs:/home/sunny/catkin_ws/install/beluga_simulator:/home/sunny/catkin_ws/install/beluga_adapter:/opt/ros/humble LD_LIBRARY_PATH=/home/sunny/catkin_ws/install/uuv_gazebo_ros_plugins_msgs/lib:/home/sunny/catkin_ws/install/uuv_gazebo_plugins/lib:/home/sunny/catkin_ws/install/uuv_world_ros_plugins_msgs/lib:/home/sunny/catkin_ws/install/uuv_world_plugins/lib:/home/sunny/catkin_ws/install/uuv_thruster_manager/lib:/home/sunny/catkin_ws/install/uuv_sensor_ros_plugins_msgs/lib:/home/sunny/catkin_ws/install/uuv_control_msgs/lib:/home/sunny/catkin_ws/install/uuv_auv_control_allocator/lib:/home/sunny/catkin_ws/install/turtlesim/lib:/home/sunny/catkin_ws/install/common_msgs/lib:/opt/ros/humble/opt/rviz_ogre_vendor/lib:/opt/ros/humble/lib/x86_64-linux-gnu:/opt/ros/humble/lib:/usr/lib/x86_64-linux-gnu/gazebo-11/plugins /usr/bin/cmake --build /home/sunny/catkin_ws/build/uuv_gazebo_ros_plugins -- -j16 -l16
[0.250s] [  7%] [32mBuilding CXX object CMakeFiles/uuv_accelerations_test_plugin.dir/src/AccelerationsTestPlugin.cpp.o[0m
[0.250s] [ 14%] [32mBuilding CXX object CMakeFiles/uuv_joint_state_publisher.dir/src/JointStatePublisher.cpp.o[0m
[0.250s] [ 21%] [32mBuilding CXX object CMakeFiles/uuv_thruster_ros_plugin.dir/src/ThrusterROSPlugin.cpp.o[0m
[0.252s] [ 28%] [32mBuilding CXX object CMakeFiles/uuv_fin_ros_plugin.dir/src/FinROSPlugin.cpp.o[0m
[0.272s] [ 35%] [32mBuilding CXX object CMakeFiles/uuv_underwater_object_ros_plugin.dir/src/UnderwaterObjectROSPlugin.cpp.o[0m
[0.275s] [ 42%] [32mBuilding CXX object CMakeFiles/linear_battery_ros_plugin.dir/src/LinearBatteryROSPlugin.cpp.o[0m
[0.275s] [ 50%] [32mBuilding CXX object CMakeFiles/custom_battery_consumer_ros_plugin.dir/src/CustomBatteryConsumerROSPlugin.cpp.o[0m
[4.563s] In file included from [01m[K/home/sunny/catkin_ws/src/Plankton/uuv_gazebo_plugins/uuv_gazebo_ros_plugins/src/ThrusterROSPlugin.cpp:22[m[K:
[4.564s] [01m[K/home/sunny/catkin_ws/src/Plankton/uuv_gazebo_plugins/uuv_gazebo_ros_plugins/include/uuv_gazebo_ros_plugins/ThrusterROSPlugin.h:36:10:[m[K [01;31m[Kfatal error: [m[Kgazebo_ros/node.hpp: No such file or directory
[4.564s]    36 | #include [01;31m[K<gazebo_ros/node.hpp>[m[K
[4.564s]       |          [01;31m[K^~~~~~~~~~~~~~~~~~~~~[m[K
[4.564s] compilation terminated.
[4.645s] gmake[2]: *** [CMakeFiles/uuv_thruster_ros_plugin.dir/build.make:76: CMakeFiles/uuv_thruster_ros_plugin.dir/src/ThrusterROSPlugin.cpp.o] Error 1
[4.645s] gmake[1]: *** [CMakeFiles/Makefile2:175: CMakeFiles/uuv_thruster_ros_plugin.dir/all] Error 2
[4.646s] gmake[1]: *** Waiting for unfinished jobs....
[6.138s] In file included from [01m[K/home/sunny/catkin_ws/src/Plankton/uuv_gazebo_plugins/uuv_gazebo_ros_plugins/src/FinROSPlugin.cpp:22[m[K:
[6.139s] [01m[K/home/sunny/catkin_ws/src/Plankton/uuv_gazebo_plugins/uuv_gazebo_ros_plugins/include/uuv_gazebo_ros_plugins/FinROSPlugin.h:31:10:[m[K [01;31m[Kfatal error: [m[Kgazebo_ros/node.hpp: No such file or directory
[6.140s]    31 | #include [01;31m[K<gazebo_ros/node.hpp>[m[K
[6.140s]       |          [01;31m[K^~~~~~~~~~~~~~~~~~~~~[m[K
[6.141s] compilation terminated.
[6.196s] gmake[2]: *** [CMakeFiles/uuv_fin_ros_plugin.dir/build.make:76: CMakeFiles/uuv_fin_ros_plugin.dir/src/FinROSPlugin.cpp.o] Error 1
[6.197s] gmake[1]: *** [CMakeFiles/Makefile2:149: CMakeFiles/uuv_fin_ros_plugin.dir/all] Error 2
[6.742s] In file included from [01m[K/home/sunny/catkin_ws/src/Plankton/uuv_gazebo_plugins/uuv_gazebo_ros_plugins/src/UnderwaterObjectROSPlugin.cpp:22[m[K:
[6.743s] [01m[K/home/sunny/catkin_ws/src/Plankton/uuv_gazebo_plugins/uuv_gazebo_ros_plugins/include/uuv_gazebo_ros_plugins/UnderwaterObjectROSPlugin.h:34:10:[m[K [01;31m[Kfatal error: [m[Kgazebo_ros/node.hpp: No such file or directory
[6.744s]    34 | #include [01;31m[K<gazebo_ros/node.hpp>[m[K
[6.745s]       |          [01;31m[K^~~~~~~~~~~~~~~~~~~~~[m[K
[6.745s] compilation terminated.
[6.804s] gmake[2]: *** [CMakeFiles/uuv_underwater_object_ros_plugin.dir/build.make:76: CMakeFiles/uuv_underwater_object_ros_plugin.dir/src/UnderwaterObjectROSPlugin.cpp.o] Error 1
[6.805s] gmake[1]: *** [CMakeFiles/Makefile2:201: CMakeFiles/uuv_underwater_object_ros_plugin.dir/all] Error 2
[7.081s] In file included from [01m[K/home/sunny/catkin_ws/src/Plankton/uuv_gazebo_plugins/uuv_gazebo_ros_plugins/src/CustomBatteryConsumerROSPlugin.cpp:22[m[K:
[7.082s] [01m[K/home/sunny/catkin_ws/src/Plankton/uuv_gazebo_plugins/uuv_gazebo_ros_plugins/include/uuv_gazebo_ros_plugins/CustomBatteryConsumerROSPlugin.h:30:10:[m[K [01;31m[Kfatal error: [m[Kgazebo_ros/node.hpp: No such file or directory
[7.083s]    30 | #include [01;31m[K<gazebo_ros/node.hpp>[m[K
[7.084s]       |          [01;31m[K^~~~~~~~~~~~~~~~~~~~~[m[K
[7.084s] compilation terminated.
[7.147s] gmake[2]: *** [CMakeFiles/custom_battery_consumer_ros_plugin.dir/build.make:76: CMakeFiles/custom_battery_consumer_ros_plugin.dir/src/CustomBatteryConsumerROSPlugin.cpp.o] Error 1
[7.148s] gmake[1]: *** [CMakeFiles/Makefile2:305: CMakeFiles/custom_battery_consumer_ros_plugin.dir/all] Error 2
[7.172s] In file included from [01m[K/home/sunny/catkin_ws/src/Plankton/uuv_gazebo_plugins/uuv_gazebo_ros_plugins/src/AccelerationsTestPlugin.cpp:34[m[K:
[7.172s] [01m[K/home/sunny/catkin_ws/src/Plankton/uuv_gazebo_plugins/uuv_gazebo_ros_plugins/include/uuv_gazebo_ros_plugins/AccelerationsTestPlugin.h:31:10:[m[K [01;31m[Kfatal error: [m[Kgazebo_ros/node.hpp: No such file or directory
[7.173s]    31 | #include [01;31m[K<gazebo_ros/node.hpp>[m[K
[7.173s]       |          [01;31m[K^~~~~~~~~~~~~~~~~~~~~[m[K
[7.173s] compilation terminated.
[7.239s] gmake[2]: *** [CMakeFiles/uuv_accelerations_test_plugin.dir/build.make:76: CMakeFiles/uuv_accelerations_test_plugin.dir/src/AccelerationsTestPlugin.cpp.o] Error 1
[7.240s] gmake[1]: *** [CMakeFiles/Makefile2:253: CMakeFiles/uuv_accelerations_test_plugin.dir/all] Error 2
[7.650s] In file included from [01m[K/home/sunny/catkin_ws/src/Plankton/uuv_gazebo_plugins/uuv_gazebo_ros_plugins/src/LinearBatteryROSPlugin.cpp:22[m[K:
[7.651s] [01m[K/home/sunny/catkin_ws/src/Plankton/uuv_gazebo_plugins/uuv_gazebo_ros_plugins/include/uuv_gazebo_ros_plugins/LinearBatteryROSPlugin.h:30:10:[m[K [01;31m[Kfatal error: [m[Kgazebo_ros/node.hpp: No such file or directory
[7.652s]    30 | #include [01;31m[K<gazebo_ros/node.hpp>[m[K
[7.655s]       |          [01;31m[K^~~~~~~~~~~~~~~~~~~~~[m[K
[7.657s] compilation terminated.
[7.730s] gmake[2]: *** [CMakeFiles/linear_battery_ros_plugin.dir/build.make:76: CMakeFiles/linear_battery_ros_plugin.dir/src/LinearBatteryROSPlugin.cpp.o] Error 1
[7.731s] gmake[1]: *** [CMakeFiles/Makefile2:279: CMakeFiles/linear_battery_ros_plugin.dir/all] Error 2
[8.203s] In file included from [01m[K/home/sunny/catkin_ws/src/Plankton/uuv_gazebo_plugins/uuv_gazebo_ros_plugins/src/JointStatePublisher.cpp:22[m[K:
[8.203s] [01m[K/home/sunny/catkin_ws/src/Plankton/uuv_gazebo_plugins/uuv_gazebo_ros_plugins/include/uuv_gazebo_ros_plugins/JointStatePublisher.h:40:10:[m[K [01;31m[Kfatal error: [m[Kgazebo_ros/node.hpp: No such file or directory
[8.204s]    40 | #include [01;31m[K<gazebo_ros/node.hpp>[m[K
[8.204s]       |          [01;31m[K^~~~~~~~~~~~~~~~~~~~~[m[K
[8.204s] compilation terminated.
[8.285s] gmake[2]: *** [CMakeFiles/uuv_joint_state_publisher.dir/build.make:76: CMakeFiles/uuv_joint_state_publisher.dir/src/JointStatePublisher.cpp.o] Error 1
[8.286s] gmake[1]: *** [CMakeFiles/Makefile2:227: CMakeFiles/uuv_joint_state_publisher.dir/all] Error 2
[8.286s] gmake: *** [Makefile:146: all] Error 2
