[0.597s] Invoking command in '/home/sunny/catkin_ws/build/uuv_world_ros_plugins': CMAKE_PREFIX_PATH=/home/sunny/catkin_ws/install/uuv_world_ros_plugins_msgs:/home/sunny/catkin_ws/install/uuv_world_plugins:/home/sunny/catkin_ws/install/uuv_control_utils:/home/sunny/catkin_ws/install/uuv_tutorial_seabed_world:/home/sunny/catkin_ws/install/uuv_trajectory_control:/home/sunny/catkin_ws/install/uuv_thruster_manager:/home/sunny/catkin_ws/install/uuv_sensor_ros_plugins_msgs:/home/sunny/catkin_ws/install/uuv_gazebo_worlds:/home/sunny/catkin_ws/install/uuv_gazebo_ros_plugins_msgs:/home/sunny/catkin_ws/install/uuv_gazebo_plugins:/home/sunny/catkin_ws/install/uuv_gazebo:/home/sunny/catkin_ws/install/uuv_control_msgs:/home/sunny/catkin_ws/install/uuv_control_cascaded_pid:/home/sunny/catkin_ws/install/uuv_auv_control_allocator:/home/sunny/catkin_ws/install/uuv_assistants:/home/sunny/catkin_ws/install/plankton_utils:/home/sunny/catkin_ws/install/turtlesim:/home/sunny/catkin_ws/install/common_msgs:/home/sunny/catkin_ws/install/beluga_simulator:/home/sunny/catkin_ws/install/beluga_adapter:/opt/ros/humble LD_LIBRARY_PATH=/home/sunny/catkin_ws/install/uuv_world_ros_plugins_msgs/lib:/home/sunny/catkin_ws/install/uuv_world_plugins/lib:/home/sunny/catkin_ws/install/uuv_thruster_manager/lib:/home/sunny/catkin_ws/install/uuv_sensor_ros_plugins_msgs/lib:/home/sunny/catkin_ws/install/uuv_gazebo_ros_plugins_msgs/lib:/home/sunny/catkin_ws/install/uuv_gazebo_plugins/lib:/home/sunny/catkin_ws/install/uuv_control_msgs/lib:/home/sunny/catkin_ws/install/uuv_auv_control_allocator/lib:/home/sunny/catkin_ws/install/turtlesim/lib:/home/sunny/catkin_ws/install/common_msgs/lib:/opt/ros/humble/opt/rviz_ogre_vendor/lib:/opt/ros/humble/lib/x86_64-linux-gnu:/opt/ros/humble/lib:/usr/lib/x86_64-linux-gnu/gazebo-11/plugins:/usr/lib/x86_64-linux-gnu/gazebo-11/plugins:/usr/lib/x86_64-linux-gnu/gazebo-11/plugins /usr/bin/cmake --build /home/sunny/catkin_ws/build/uuv_world_ros_plugins -- -j16 -l16
[0.974s] -- Found uuv_world_plugins: 0.6.1 (/home/sunny/catkin_ws/install/uuv_world_plugins/share/uuv_world_plugins/cmake)
[0.974s] -- Found DART: /usr/include (Required is at least version "6.6") found components: dart 
[0.974s] -- Found Protobuf: /usr/lib/x86_64-linux-gnu/libprotobuf.so (found version "3.12.4") 
[0.974s] -- Looking for ignition-math6 -- found version 6.15.0
[0.974s] -- Searching for dependencies of ignition-math6
[0.974s] -- Looking for OGRE...
[0.974s] -- Found Ogre Ghadamon (1.9.0)
[0.974s] -- Found OGRE: optimized;/usr/lib/x86_64-linux-gnu/libOgreMain.so;debug;/usr/lib/x86_64-linux-gnu/libOgreMain.so
[0.975s] -- Looking for OGRE_Paging...
[0.975s] -- Found OGRE_Paging: optimized;/usr/lib/x86_64-linux-gnu/libOgrePaging.so;debug;/usr/lib/x86_64-linux-gnu/libOgrePaging.so
[0.975s] -- Looking for OGRE_Terrain...
[0.975s] -- Found OGRE_Terrain: optimized;/usr/lib/x86_64-linux-gnu/libOgreTerrain.so;debug;/usr/lib/x86_64-linux-gnu/libOgreTerrain.so
[0.975s] -- Looking for OGRE_Property...
[0.975s] -- Found OGRE_Property: optimized;/usr/lib/x86_64-linux-gnu/libOgreProperty.so;debug;/usr/lib/x86_64-linux-gnu/libOgreProperty.so
[0.975s] -- Looking for OGRE_RTShaderSystem...
[0.975s] -- Found OGRE_RTShaderSystem: optimized;/usr/lib/x86_64-linux-gnu/libOgreRTShaderSystem.so;debug;/usr/lib/x86_64-linux-gnu/libOgreRTShaderSystem.so
[0.975s] -- Looking for OGRE_Volume...
[0.975s] -- Found OGRE_Volume: optimized;/usr/lib/x86_64-linux-gnu/libOgreVolume.so;debug;/usr/lib/x86_64-linux-gnu/libOgreVolume.so
[0.976s] -- Looking for OGRE_Overlay...
[0.976s] -- Found OGRE_Overlay: optimized;/usr/lib/x86_64-linux-gnu/libOgreOverlay.so;debug;/usr/lib/x86_64-linux-gnu/libOgreOverlay.so
[0.979s] -- Looking for ignition-math6 -- found version 6.15.0
[0.980s] -- Looking for ignition-transport8 -- found version 8.2.1
[0.980s] -- Searching for dependencies of ignition-transport8
[1.003s] -- Found Protobuf: /usr/lib/x86_64-linux-gnu/libprotobuf.so (found suitable version "3.12.4", minimum required is "3") 
[1.018s] -- Config-file not installed for ZeroMQ -- checking for pkg-config
[1.024s] -- Checking for module 'libzmq >= 4'
[1.044s] --   Found libzmq , version 4.3.4
[1.103s] -- Checking for module 'uuid'
[1.123s] --   Found uuid, version 2.37.2
[1.196s] -- Looking for ignition-msgs5 -- found version 5.8.1
[1.198s] -- Searching for dependencies of ignition-msgs5
[1.229s] -- Looking for ignition-math6 -- found version 6.15.0
[1.239s] -- Checking for module 'tinyxml2'
[1.327s] --   Found tinyxml2, version 9.0.0
[1.559s] -- Looking for ignition-msgs5 -- found version 5.8.1
[1.560s] -- Looking for ignition-common3 -- found version 3.14.0
[1.565s] -- Searching for dependencies of ignition-common3
[1.565s] -- Looking for dlfcn.h - found
[1.565s] -- Looking for libdl - found
[1.599s] -- Searching for <ignition-common3> component [graphics]
[1.599s] -- Looking for ignition-common3-graphics -- found version 3.14.0
[1.599s] -- Searching for dependencies of ignition-common3-graphics
[1.600s] -- Looking for ignition-math6 -- found version 6.15.0
[1.601s] -- Looking for ignition-fuel_tools4 -- found version 4.4.0
[1.609s] -- Searching for dependencies of ignition-fuel_tools4
[1.838s] -- Checking for module 'jsoncpp'
[1.937s] --   Found jsoncpp, version 1.9.5
[2.269s] -- Checking for module 'libzip'
[2.366s] --   Found libzip, version 1.7.3
[2.451s] -- Looking for ignition-common3 -- found version 3.14.0
[2.451s] -- Looking for ignition-math6 -- found version 6.15.0
[2.453s] -- Looking for ignition-msgs5 -- found version 5.8.1
[2.455s] -- Gazebo version: 11.10
[2.504s] -- Found rosidl_generator_c: 3.1.5 (/opt/ros/humble/share/rosidl_generator_c/cmake)
[2.525s] -- Found rosidl_adapter: 3.1.5 (/opt/ros/humble/share/rosidl_adapter/cmake)
[2.525s] -- Found rosidl_generator_cpp: 3.1.5 (/opt/ros/humble/share/rosidl_generator_cpp/cmake)
[2.542s] -- Using all available rosidl_typesupport_c: rosidl_typesupport_fastrtps_c;rosidl_typesupport_introspection_c
[2.573s] -- Using all available rosidl_typesupport_cpp: rosidl_typesupport_fastrtps_cpp;rosidl_typesupport_introspection_cpp
[3.337s] -- Found uuv_world_ros_plugins_msgs: 0.6.1 (/home/sunny/catkin_ws/install/uuv_world_ros_plugins_msgs/share/uuv_world_ros_plugins_msgs/cmake)
[3.425s] -- Found rclcpp: 16.0.7 (/opt/ros/humble/share/rclcpp/cmake)
[3.601s] -- Found rmw_implementation_cmake: 6.1.1 (/opt/ros/humble/share/rmw_implementation_cmake/cmake)
[3.617s] -- Found rmw_fastrtps_cpp: 6.2.5 (/opt/ros/humble/share/rmw_fastrtps_cpp/cmake)
[4.142s] -- Using RMW implementation 'rmw_fastrtps_cpp' as default
[4.457s] -- Found gazebo_ros: 3.7.0 (/opt/ros/humble/share/gazebo_ros/cmake)
[5.002s] -- Configuring done
[5.107s] -- Generating done
[5.115s] -- Build files have been written to: /home/sunny/catkin_ws/build/uuv_world_ros_plugins
[5.372s] [ 25%] [32mBuilding CXX object CMakeFiles/uuv_underwater_current_ros_plugin.dir/src/UnderwaterCurrentROSPlugin.cpp.o[0m
[5.397s] [ 50%] [32mBuilding CXX object CMakeFiles/uuv_sc_ros_interface_plugin.dir/src/SphericalCoordinatesROSInterfacePlugin.cpp.o[0m
[9.866s] In file included from [01m[K/home/sunny/catkin_ws/src/Plankton/uuv_world_plugins/uuv_world_ros_plugins/src/UnderwaterCurrentROSPlugin.cpp:22[m[K:
[9.866s] [01m[K/home/sunny/catkin_ws/src/Plankton/uuv_world_plugins/uuv_world_ros_plugins/include/uuv_world_ros_plugins/UnderwaterCurrentROSPlugin.h:38:10:[m[K [01;31m[Kfatal error: [m[Kgazebo_ros/node.hpp: No such file or directory
[9.867s]    38 | #include [01;31m[K<gazebo_ros/node.hpp>[m[K
[9.868s]       |          [01;31m[K^~~~~~~~~~~~~~~~~~~~~[m[K
[9.869s] compilation terminated.
[9.957s] gmake[2]: *** [CMakeFiles/uuv_underwater_current_ros_plugin.dir/build.make:76: CMakeFiles/uuv_underwater_current_ros_plugin.dir/src/UnderwaterCurrentROSPlugin.cpp.o] Error 1
[9.958s] gmake[1]: *** [CMakeFiles/Makefile2:139: CMakeFiles/uuv_underwater_current_ros_plugin.dir/all] Error 2
[9.959s] gmake[1]: *** Waiting for unfinished jobs....
[10.849s] In file included from [01m[K/home/sunny/catkin_ws/src/Plankton/uuv_world_plugins/uuv_world_ros_plugins/src/SphericalCoordinatesROSInterfacePlugin.cpp:24[m[K:
[10.849s] [01m[K/home/sunny/catkin_ws/src/Plankton/uuv_world_plugins/uuv_world_ros_plugins/include/uuv_world_ros_plugins/SphericalCoordinatesROSInterfacePlugin.h:35:10:[m[K [01;31m[Kfatal error: [m[Kgazebo_ros/node.hpp: No such file or directory
[10.849s]    35 | #include [01;31m[K<gazebo_ros/node.hpp>[m[K
[10.849s]       |          [01;31m[K^~~~~~~~~~~~~~~~~~~~~[m[K
[10.850s] compilation terminated.
[10.921s] gmake[2]: *** [CMakeFiles/uuv_sc_ros_interface_plugin.dir/build.make:76: CMakeFiles/uuv_sc_ros_interface_plugin.dir/src/SphericalCoordinatesROSInterfacePlugin.cpp.o] Error 1
[10.921s] gmake[1]: *** [CMakeFiles/Makefile2:165: CMakeFiles/uuv_sc_ros_interface_plugin.dir/all] Error 2
[10.921s] gmake: *** [Makefile:146: all] Error 2
