[0.233s] Invoking command in '/home/sunny/catkin_ws/build/uuv_gazebo_ros_plugins': CMAKE_PREFIX_PATH=/home/sunny/catkin_ws/install/uuv_gazebo_ros_plugins_msgs:/home/sunny/catkin_ws/install/uuv_gazebo_plugins:/home/sunny/catkin_ws/install/uuv_world_ros_plugins_msgs:/home/sunny/catkin_ws/install/uuv_world_plugins:/home/sunny/catkin_ws/install/uuv_tutorial_seabed_world:/home/sunny/catkin_ws/install/uuv_trajectory_control:/home/sunny/catkin_ws/install/uuv_thruster_manager:/home/sunny/catkin_ws/install/uuv_sensor_ros_plugins_msgs:/home/sunny/catkin_ws/install/uuv_gazebo_worlds:/home/sunny/catkin_ws/install/uuv_gazebo:/home/sunny/catkin_ws/install/uuv_control_msgs:/home/sunny/catkin_ws/install/uuv_control_cascaded_pid:/home/sunny/catkin_ws/install/uuv_auv_control_allocator:/home/sunny/catkin_ws/install/uuv_assistants:/home/sunny/catkin_ws/install/plankton_utils:/home/sunny/catkin_ws/install/turtlesim:/home/sunny/catkin_ws/install/common_msgs:/home/sunny/catkin_ws/install/beluga_simulator:/home/sunny/catkin_ws/install/beluga_adapter:/opt/ros/humble LD_LIBRARY_PATH=/home/sunny/catkin_ws/install/uuv_gazebo_ros_plugins_msgs/lib:/home/sunny/catkin_ws/install/uuv_gazebo_plugins/lib:/home/sunny/catkin_ws/install/uuv_world_ros_plugins_msgs/lib:/home/sunny/catkin_ws/install/uuv_world_plugins/lib:/home/sunny/catkin_ws/install/uuv_thruster_manager/lib:/home/sunny/catkin_ws/install/uuv_sensor_ros_plugins_msgs/lib:/home/sunny/catkin_ws/install/uuv_control_msgs/lib:/home/sunny/catkin_ws/install/uuv_auv_control_allocator/lib:/home/sunny/catkin_ws/install/turtlesim/lib:/home/sunny/catkin_ws/install/common_msgs/lib:/opt/ros/humble/opt/rviz_ogre_vendor/lib:/opt/ros/humble/lib/x86_64-linux-gnu:/opt/ros/humble/lib:/usr/lib/x86_64-linux-gnu/gazebo-11/plugins /usr/bin/cmake --build /home/sunny/catkin_ws/build/uuv_gazebo_ros_plugins -- -j16 -l16
[0.311s] [  7%] [32mBuilding CXX object CMakeFiles/uuv_fin_ros_plugin.dir/src/FinROSPlugin.cpp.o[0m
[0.311s] [ 14%] [32mBuilding CXX object CMakeFiles/uuv_joint_state_publisher.dir/src/JointStatePublisher.cpp.o[0m
[0.311s] [ 21%] [32mBuilding CXX object CMakeFiles/uuv_thruster_ros_plugin.dir/src/ThrusterROSPlugin.cpp.o[0m
[0.313s] [ 28%] [32mBuilding CXX object CMakeFiles/custom_battery_consumer_ros_plugin.dir/src/CustomBatteryConsumerROSPlugin.cpp.o[0m
[0.314s] [ 35%] [32mBuilding CXX object CMakeFiles/uuv_underwater_object_ros_plugin.dir/src/UnderwaterObjectROSPlugin.cpp.o[0m
[0.314s] [ 42%] [32mBuilding CXX object CMakeFiles/linear_battery_ros_plugin.dir/src/LinearBatteryROSPlugin.cpp.o[0m
[0.326s] [ 50%] [32mBuilding CXX object CMakeFiles/uuv_accelerations_test_plugin.dir/src/AccelerationsTestPlugin.cpp.o[0m
[3.677s] In file included from [01m[K/home/sunny/catkin_ws/src/Plankton/uuv_gazebo_plugins/uuv_gazebo_ros_plugins/src/ThrusterROSPlugin.cpp:22[m[K:
[3.677s] [01m[K/home/sunny/catkin_ws/src/Plankton/uuv_gazebo_plugins/uuv_gazebo_ros_plugins/include/uuv_gazebo_ros_plugins/ThrusterROSPlugin.h:36:10:[m[K [01;31m[Kfatal error: [m[Kgazebo_ros/node.hpp: No such file or directory
[3.677s]    36 | #include [01;31m[K<gazebo_ros/node.hpp>[m[K
[3.677s]       |          [01;31m[K^~~~~~~~~~~~~~~~~~~~~[m[K
[3.677s] compilation terminated.
[3.729s] gmake[2]: *** [CMakeFiles/uuv_thruster_ros_plugin.dir/build.make:76: CMakeFiles/uuv_thruster_ros_plugin.dir/src/ThrusterROSPlugin.cpp.o] Error 1
[3.729s] gmake[1]: *** [CMakeFiles/Makefile2:175: CMakeFiles/uuv_thruster_ros_plugin.dir/all] Error 2
[3.729s] gmake[1]: *** Waiting for unfinished jobs....
[5.101s] In file included from [01m[K/home/sunny/catkin_ws/src/Plankton/uuv_gazebo_plugins/uuv_gazebo_ros_plugins/src/FinROSPlugin.cpp:22[m[K:
[5.102s] [01m[K/home/sunny/catkin_ws/src/Plankton/uuv_gazebo_plugins/uuv_gazebo_ros_plugins/include/uuv_gazebo_ros_plugins/FinROSPlugin.h:31:10:[m[K [01;31m[Kfatal error: [m[Kgazebo_ros/node.hpp: No such file or directory
[5.103s]    31 | #include [01;31m[K<gazebo_ros/node.hpp>[m[K
[5.104s]       |          [01;31m[K^~~~~~~~~~~~~~~~~~~~~[m[K
[5.105s] compilation terminated.
[5.168s] gmake[2]: *** [CMakeFiles/uuv_fin_ros_plugin.dir/build.make:76: CMakeFiles/uuv_fin_ros_plugin.dir/src/FinROSPlugin.cpp.o] Error 1
[5.170s] gmake[1]: *** [CMakeFiles/Makefile2:149: CMakeFiles/uuv_fin_ros_plugin.dir/all] Error 2
[5.615s] In file included from [01m[K/home/sunny/catkin_ws/src/Plankton/uuv_gazebo_plugins/uuv_gazebo_ros_plugins/src/UnderwaterObjectROSPlugin.cpp:22[m[K:
[5.616s] [01m[K/home/sunny/catkin_ws/src/Plankton/uuv_gazebo_plugins/uuv_gazebo_ros_plugins/include/uuv_gazebo_ros_plugins/UnderwaterObjectROSPlugin.h:34:10:[m[K [01;31m[Kfatal error: [m[Kgazebo_ros/node.hpp: No such file or directory
[5.616s]    34 | #include [01;31m[K<gazebo_ros/node.hpp>[m[K
[5.617s]       |          [01;31m[K^~~~~~~~~~~~~~~~~~~~~[m[K
[5.618s] compilation terminated.
[5.678s] gmake[2]: *** [CMakeFiles/uuv_underwater_object_ros_plugin.dir/build.make:76: CMakeFiles/uuv_underwater_object_ros_plugin.dir/src/UnderwaterObjectROSPlugin.cpp.o] Error 1
[5.679s] gmake[1]: *** [CMakeFiles/Makefile2:201: CMakeFiles/uuv_underwater_object_ros_plugin.dir/all] Error 2
[5.935s] In file included from [01m[K/home/sunny/catkin_ws/src/Plankton/uuv_gazebo_plugins/uuv_gazebo_ros_plugins/src/CustomBatteryConsumerROSPlugin.cpp:22[m[K:
[5.935s] [01m[K/home/sunny/catkin_ws/src/Plankton/uuv_gazebo_plugins/uuv_gazebo_ros_plugins/include/uuv_gazebo_ros_plugins/CustomBatteryConsumerROSPlugin.h:30:10:[m[K [01;31m[Kfatal error: [m[Kgazebo_ros/node.hpp: No such file or directory
[5.935s]    30 | #include [01;31m[K<gazebo_ros/node.hpp>[m[K
[5.935s]       |          [01;31m[K^~~~~~~~~~~~~~~~~~~~~[m[K
[5.935s] compilation terminated.
[6.014s] gmake[2]: *** [CMakeFiles/custom_battery_consumer_ros_plugin.dir/build.make:76: CMakeFiles/custom_battery_consumer_ros_plugin.dir/src/CustomBatteryConsumerROSPlugin.cpp.o] Error 1
[6.015s] gmake[1]: *** [CMakeFiles/Makefile2:305: CMakeFiles/custom_battery_consumer_ros_plugin.dir/all] Error 2
[6.082s] In file included from [01m[K/home/sunny/catkin_ws/src/Plankton/uuv_gazebo_plugins/uuv_gazebo_ros_plugins/src/AccelerationsTestPlugin.cpp:34[m[K:
[6.084s] [01m[K/home/sunny/catkin_ws/src/Plankton/uuv_gazebo_plugins/uuv_gazebo_ros_plugins/include/uuv_gazebo_ros_plugins/AccelerationsTestPlugin.h:31:10:[m[K [01;31m[Kfatal error: [m[Kgazebo_ros/node.hpp: No such file or directory
[6.085s]    31 | #include [01;31m[K<gazebo_ros/node.hpp>[m[K
[6.086s]       |          [01;31m[K^~~~~~~~~~~~~~~~~~~~~[m[K
[6.086s] compilation terminated.
[6.155s] gmake[2]: *** [CMakeFiles/uuv_accelerations_test_plugin.dir/build.make:76: CMakeFiles/uuv_accelerations_test_plugin.dir/src/AccelerationsTestPlugin.cpp.o] Error 1
[6.156s] gmake[1]: *** [CMakeFiles/Makefile2:253: CMakeFiles/uuv_accelerations_test_plugin.dir/all] Error 2
[6.354s] In file included from [01m[K/home/sunny/catkin_ws/src/Plankton/uuv_gazebo_plugins/uuv_gazebo_ros_plugins/src/JointStatePublisher.cpp:22[m[K:
[6.354s] [01m[K/home/sunny/catkin_ws/src/Plankton/uuv_gazebo_plugins/uuv_gazebo_ros_plugins/include/uuv_gazebo_ros_plugins/JointStatePublisher.h:40:10:[m[K [01;31m[Kfatal error: [m[Kgazebo_ros/node.hpp: No such file or directory
[6.355s]    40 | #include [01;31m[K<gazebo_ros/node.hpp>[m[K
[6.356s]       |          [01;31m[K^~~~~~~~~~~~~~~~~~~~~[m[K
[6.357s] compilation terminated.
[6.434s] gmake[2]: *** [CMakeFiles/uuv_joint_state_publisher.dir/build.make:76: CMakeFiles/uuv_joint_state_publisher.dir/src/JointStatePublisher.cpp.o] Error 1
[6.435s] gmake[1]: *** [CMakeFiles/Makefile2:227: CMakeFiles/uuv_joint_state_publisher.dir/all] Error 2
[6.787s] In file included from [01m[K/home/sunny/catkin_ws/src/Plankton/uuv_gazebo_plugins/uuv_gazebo_ros_plugins/src/LinearBatteryROSPlugin.cpp:22[m[K:
[6.787s] [01m[K/home/sunny/catkin_ws/src/Plankton/uuv_gazebo_plugins/uuv_gazebo_ros_plugins/include/uuv_gazebo_ros_plugins/LinearBatteryROSPlugin.h:30:10:[m[K [01;31m[Kfatal error: [m[Kgazebo_ros/node.hpp: No such file or directory
[6.787s]    30 | #include [01;31m[K<gazebo_ros/node.hpp>[m[K
[6.787s]       |          [01;31m[K^~~~~~~~~~~~~~~~~~~~~[m[K
[6.788s] compilation terminated.
[6.872s] gmake[2]: *** [CMakeFiles/linear_battery_ros_plugin.dir/build.make:76: CMakeFiles/linear_battery_ros_plugin.dir/src/LinearBatteryROSPlugin.cpp.o] Error 1
[6.872s] gmake[1]: *** [CMakeFiles/Makefile2:279: CMakeFiles/linear_battery_ros_plugin.dir/all] Error 2
[6.873s] gmake: *** [Makefile:146: all] Error 2
