[0.743s] Invoking command in '/home/sunny/catkin_ws/build/uuv_sensor_ros_plugins': AMENT_PREFIX_PATH=/home/sunny/catkin_ws/install/uuv_sensor_ros_plugins_msgs:/home/sunny/catkin_ws/install/uuv_gazebo_plugins:${AMENT_PREFIX_PATH} CMAKE_PREFIX_PATH=/home/sunny/catkin_ws/install/uuv_sensor_ros_plugins_msgs:/home/sunny/catkin_ws/install/uuv_gazebo_plugins:/home/sunny/catkin_ws/install/turtlesim:/home/sunny/catkin_ws/install/common_msgs:/home/sunny/catkin_ws/install/beluga_simulator:/home/sunny/catkin_ws/install/beluga_adapter:/opt/ros/humble LD_LIBRARY_PATH=/home/sunny/catkin_ws/install/uuv_sensor_ros_plugins_msgs/lib:/home/sunny/catkin_ws/install/uuv_gazebo_plugins/lib:/home/sunny/catkin_ws/install/turtlesim/lib:/home/sunny/catkin_ws/install/common_msgs/lib:/opt/ros/humble/opt/rviz_ogre_vendor/lib:/opt/ros/humble/lib/x86_64-linux-gnu:/opt/ros/humble/lib:/usr/lib/x86_64-linux-gnu/gazebo-11/plugins PYTHONPATH=/home/sunny/catkin_ws/install/uuv_sensor_ros_plugins_msgs/local/lib/python3.10/dist-packages:${PYTHONPATH} /usr/bin/cmake --build /home/sunny/catkin_ws/build/uuv_sensor_ros_plugins -- -j16 -l16
[0.871s] [35m[1mConsolidate compiler generated dependencies of target uuv_sensor_gazebo_msgs[0m
[0.887s] [35m[1mConsolidate compiler generated dependencies of target uuv_gazebo_ros_camera_plugin[0m
[0.887s] [35m[1mConsolidate compiler generated dependencies of target uuv_gazebo_ros_base_model_plugin[0m
[0.887s] [35m[1mConsolidate compiler generated dependencies of target uuv_gazebo_ros_pose_gt_plugin[0m
[0.887s] [35m[1mConsolidate compiler generated dependencies of target uuv_gazebo_ros_base_sensor_plugin[0m
[0.907s] [35m[1mConsolidate compiler generated dependencies of target uuv_gazebo_ros_gps_plugin[0m
[0.911s] [35m[1mConsolidate compiler generated dependencies of target image_sonar_ros_plugin[0m
[0.940s] [35m[1mConsolidate compiler generated dependencies of target uuv_gazebo_ros_cpc_plugin[0m
[0.959s] [ 26%] Built target uuv_sensor_gazebo_msgs
[1.012s] [ 29%] Built target uuv_gazebo_ros_camera_plugin
[1.073s] [ 33%] Built target image_sonar_ros_plugin
[1.085s] [35m[1mConsolidate compiler generated dependencies of target uuv_gazebo_ros_dvl_plugin[0m
[1.106s] [35m[1mConsolidate compiler generated dependencies of target uuv_gazebo_ros_subsea_pressure_plugin[0m
[1.116s] [35m[1mConsolidate compiler generated dependencies of target uuv_gazebo_ros_imu_plugin[0m
[1.126s] [ 35%] [32m[1mLinking CXX shared library libuuv_gazebo_ros_base_sensor_plugin.so[0m
[1.135s] [35m[1mConsolidate compiler generated dependencies of target uuv_gazebo_ros_magnetometer_plugin[0m
[1.139s] [ 36%] [32m[1mLinking CXX shared library libuuv_gazebo_ros_base_model_plugin.so[0m
[1.160s] [ 38%] [32mBuilding CXX object CMakeFiles/uuv_gazebo_ros_pose_gt_plugin.dir/src/PoseGTROSPlugin.cpp.o[0m
[1.195s] [ 40%] [32m[1mLinking CXX shared library libuuv_gazebo_ros_gps_plugin.so[0m
[1.219s] [ 42%] [32m[1mLinking CXX shared library libuuv_gazebo_ros_cpc_plugin.so[0m
[1.259s] [ 43%] [32mBuilding CXX object CMakeFiles/uuv_gazebo_ros_rpt_plugin.dir/src/ROSBasePlugin.cpp.o[0m
[1.263s] [ 45%] [32mBuilding CXX object CMakeFiles/uuv_gazebo_ros_rpt_plugin.dir/src/ROSBaseModelPlugin.cpp.o[0m
[1.263s] [ 47%] [32mBuilding CXX object CMakeFiles/uuv_gazebo_ros_rpt_plugin.dir/src/RPTROSPlugin.cpp.o[0m
[1.432s] [ 49%] [32m[1mLinking CXX shared library libuuv_gazebo_ros_subsea_pressure_plugin.so[0m
[1.437s] [ 50%] [32mBuilding CXX object CMakeFiles/uuv_gazebo_ros_dvl_plugin.dir/src/DVLROSPlugin.cpp.o[0m
[1.503s] [ 52%] [32m[1mLinking CXX shared library libuuv_gazebo_ros_magnetometer_plugin.so[0m
[1.520s] [ 54%] [32m[1mLinking CXX shared library libuuv_gazebo_ros_imu_plugin.so[0m
[25.252s] In file included from [01m[K/home/sunny/catkin_ws/src/Plankton/uuv_sensor_plugins/uuv_sensor_ros_plugins/src/PoseGTROSPlugin.cpp:32[m[K:
[25.252s] [01m[K/home/sunny/catkin_ws/src/Plankton/uuv_sensor_plugins/uuv_sensor_ros_plugins/include/uuv_sensor_ros_plugins/PoseGTROSPlugin.h:88:30:[m[K [01;31m[Kerror: [m[Kâ€˜[01m[KBuffer[m[Kâ€™ is not a member of â€˜[01m[Ktf2_ros[m[Kâ€™
[25.252s]    88 |     std::unique_ptr<tf2_ros::[01;31m[KBuffer[m[K> myTfBuffer;
[25.253s]       |                              [01;31m[K^~~~~~[m[K
[25.253s] [01m[K/home/sunny/catkin_ws/src/Plankton/uuv_sensor_plugins/uuv_sensor_ros_plugins/include/uuv_sensor_ros_plugins/PoseGTROSPlugin.h:88:36:[m[K [01;31m[Kerror: [m[Ktemplate argument 1 is invalid
[25.253s]    88 |     std::unique_ptr<tf2_ros::Buffer[01;31m[K>[m[K myTfBuffer;
[25.253s]       |                                    [01;31m[K^[m[K
[25.253s] [01m[K/home/sunny/catkin_ws/src/Plankton/uuv_sensor_plugins/uuv_sensor_ros_plugins/include/uuv_sensor_ros_plugins/PoseGTROSPlugin.h:88:36:[m[K [01;31m[Kerror: [m[Ktemplate argument 2 is invalid
[25.283s] [01m[K/home/sunny/catkin_ws/src/Plankton/uuv_sensor_plugins/uuv_sensor_ros_plugins/src/PoseGTROSPlugin.cpp:[m[K In member function â€˜[01m[Kvirtual void gazebo::PoseGTROSPlugin::Load(gazebo::physics::ModelPtr, sdf::v9::ElementPtr)[m[Kâ€™:
[25.283s] [01m[K/home/sunny/catkin_ws/src/Plankton/uuv_sensor_plugins/uuv_sensor_ros_plugins/src/PoseGTROSPlugin.cpp:63:14:[m[K [01;31m[Kerror: [m[Krequest for member â€˜[01m[Kreset[m[Kâ€™ in â€˜[01m[K((gazebo::PoseGTROSPlugin*)this)->gazebo::PoseGTROSPlugin::myTfBuffer[m[Kâ€™, which is of non-class type â€˜[01m[Kint[m[Kâ€™
[25.283s]    63 |   myTfBuffer.[01;31m[Kreset[m[K(new tf2_ros::Buffer(myRosNode->get_clock()));
[25.284s]       |              [01;31m[K^~~~~[m[K
[25.284s] [01m[K/home/sunny/catkin_ws/src/Plankton/uuv_sensor_plugins/uuv_sensor_ros_plugins/src/PoseGTROSPlugin.cpp:63:24:[m[K [01;31m[Kerror: [m[Kexpected type-specifier
[25.284s]    63 |   myTfBuffer.reset(new [01;31m[Ktf2_ros[m[K::Buffer(myRosNode->get_clock()));
[25.284s]       |                        [01;31m[K^~~~~~~[m[K
[25.290s] [01m[K/home/sunny/catkin_ws/src/Plankton/uuv_sensor_plugins/uuv_sensor_ros_plugins/src/PoseGTROSPlugin.cpp:70:13:[m[K [01;31m[Kerror: [m[Kbase operand of â€˜[01m[K->[m[Kâ€™ is not a pointer
[25.290s]    70 |   myTfBuffer[01;31m[K->[m[KsetCreateTimerInterface(timer_interface);
[25.290s]       |             [01;31m[K^~[m[K
[25.290s] [01m[K/home/sunny/catkin_ws/src/Plankton/uuv_sensor_plugins/uuv_sensor_ros_plugins/src/PoseGTROSPlugin.cpp:71:13:[m[K [01;31m[Kerror: [m[Kbase operand of â€˜[01m[K->[m[Kâ€™ is not a pointer
[25.290s]    71 |   myTfBuffer[01;31m[K->[m[KsetUsingDedicatedThread(true);
[25.291s]       |             [01;31m[K^~[m[K
[25.294s] [01m[K/home/sunny/catkin_ws/src/Plankton/uuv_sensor_plugins/uuv_sensor_ros_plugins/src/PoseGTROSPlugin.cpp:109:57:[m[K [01;31m[Kerror: [m[Kinvalid type argument of unary â€˜[01m[K*[m[Kâ€™ (have â€˜[01m[Kint[m[Kâ€™)
[25.295s]   109 |   this->tfListener.reset(new tf2_ros::TransformListener([01;31m[K*myTfBuffer[m[K, myRosNode, false));
[25.296s]       |                                                         [01;31m[K^~~~~~~~~~~[m[K
[25.299s] [01m[K/home/sunny/catkin_ws/src/Plankton/uuv_sensor_plugins/uuv_sensor_ros_plugins/src/PoseGTROSPlugin.cpp:[m[K In member function â€˜[01m[Kvoid gazebo::PoseGTROSPlugin::UpdateNEDTransform()[m[Kâ€™:
[25.300s] [01m[K/home/sunny/catkin_ws/src/Plankton/uuv_sensor_plugins/uuv_sensor_ros_plugins/src/PoseGTROSPlugin.cpp:344:32:[m[K [01;31m[Kerror: [m[Kbase operand of â€˜[01m[K->[m[Kâ€™ is not a pointer
[25.300s]   344 |     childTransform = myTfBuffer[01;31m[K->[m[KlookupTransform(
[25.301s]       |                                [01;31m[K^~[m[K
[26.931s] In file included from [01m[K/home/sunny/catkin_ws/src/Plankton/uuv_sensor_plugins/uuv_sensor_ros_plugins/src/DVLROSPlugin.cpp:22[m[K:
[26.932s] [01m[K/home/sunny/catkin_ws/src/Plankton/uuv_sensor_plugins/uuv_sensor_ros_plugins/include/uuv_sensor_ros_plugins/DVLROSPlugin.h:115:41:[m[K [01;31m[Kerror: [m[Kâ€˜[01m[KBuffer[m[Kâ€™ is not a member of â€˜[01m[Ktf2_ros[m[Kâ€™
[26.933s]   115 |     protected: std::unique_ptr<tf2_ros::[01;31m[KBuffer[m[K> myBuffer;
[26.934s]       |                                         [01;31m[K^~~~~~[m[K
[26.934s] [01m[K/home/sunny/catkin_ws/src/Plankton/uuv_sensor_plugins/uuv_sensor_ros_plugins/include/uuv_sensor_ros_plugins/DVLROSPlugin.h:115:47:[m[K [01;31m[Kerror: [m[Ktemplate argument 1 is invalid
[26.935s]   115 |     protected: std::unique_ptr<tf2_ros::Buffer[01;31m[K>[m[K myBuffer;
[26.936s]       |                                               [01;31m[K^[m[K
[26.936s] [01m[K/home/sunny/catkin_ws/src/Plankton/uuv_sensor_plugins/uuv_sensor_ros_plugins/include/uuv_sensor_ros_plugins/DVLROSPlugin.h:115:47:[m[K [01;31m[Kerror: [m[Ktemplate argument 2 is invalid
[26.983s] [01m[K/home/sunny/catkin_ws/src/Plankton/uuv_sensor_plugins/uuv_sensor_ros_plugins/src/DVLROSPlugin.cpp:[m[K In member function â€˜[01m[Kvirtual void gazebo::DVLROSPlugin::Load(gazebo::physics::ModelPtr, sdf::v9::ElementPtr)[m[Kâ€™:
[26.984s] [01m[K/home/sunny/catkin_ws/src/Plankton/uuv_sensor_plugins/uuv_sensor_ros_plugins/src/DVLROSPlugin.cpp:49:12:[m[K [01;31m[Kerror: [m[Krequest for member â€˜[01m[Kreset[m[Kâ€™ in â€˜[01m[K((gazebo::DVLROSPlugin*)this)->gazebo::DVLROSPlugin::myBuffer[m[Kâ€™, which is of non-class type â€˜[01m[Kint[m[Kâ€™
[26.985s]    49 |   myBuffer.[01;31m[Kreset[m[K(new tf2_ros::Buffer(myRosNode->get_clock()));
[26.985s]       |            [01;31m[K^~~~~[m[K
[26.986s] [01m[K/home/sunny/catkin_ws/src/Plankton/uuv_sensor_plugins/uuv_sensor_ros_plugins/src/DVLROSPlugin.cpp:49:22:[m[K [01;31m[Kerror: [m[Kexpected type-specifier
[26.986s]    49 |   myBuffer.reset(new [01;31m[Ktf2_ros[m[K::Buffer(myRosNode->get_clock()));
[26.987s]       |                      [01;31m[K^~~~~~~[m[K
[26.988s] [01m[K/home/sunny/catkin_ws/src/Plankton/uuv_sensor_plugins/uuv_sensor_ros_plugins/src/DVLROSPlugin.cpp:50:60:[m[K [01;31m[Kerror: [m[Kinvalid type argument of unary â€˜[01m[K*[m[Kâ€™ (have â€˜[01m[Kint[m[Kâ€™)
[26.989s]    50 |   myTransformListener.reset(new tf2_ros::TransformListener([01;31m[K*myBuffer[m[K, myRosNode, false));
[26.989s]       |                                                            [01;31m[K^~~~~~~~~[m[K
[26.992s] [01m[K/home/sunny/catkin_ws/src/Plankton/uuv_sensor_plugins/uuv_sensor_ros_plugins/src/DVLROSPlugin.cpp:56:11:[m[K [01;31m[Kerror: [m[Kbase operand of â€˜[01m[K->[m[Kâ€™ is not a pointer
[26.993s]    56 |   myBuffer[01;31m[K->[m[KsetCreateTimerInterface(timer_interface);
[26.994s]       |           [01;31m[K^~[m[K
[26.994s] [01m[K/home/sunny/catkin_ws/src/Plankton/uuv_sensor_plugins/uuv_sensor_ros_plugins/src/DVLROSPlugin.cpp:57:11:[m[K [01;31m[Kerror: [m[Kbase operand of â€˜[01m[K->[m[Kâ€™ is not a pointer
[26.995s]    57 |   myBuffer[01;31m[K->[m[KsetUsingDedicatedThread(true);
[26.996s]       |           [01;31m[K^~[m[K
[27.238s] [01m[K/home/sunny/catkin_ws/src/Plankton/uuv_sensor_plugins/uuv_sensor_ros_plugins/src/DVLROSPlugin.cpp:[m[K In member function â€˜[01m[Kbool gazebo::DVLROSPlugin::UpdateBeamTransforms()[m[Kâ€™:
[27.240s] [01m[K/home/sunny/catkin_ws/src/Plankton/uuv_sensor_plugins/uuv_sensor_ros_plugins/src/DVLROSPlugin.cpp:310:31:[m[K [01;31m[Kerror: [m[Kbase operand of â€˜[01m[K->[m[Kâ€™ is not a pointer
[27.241s]   310 |       beamTransform = myBuffer[01;31m[K->[m[KlookupTransform(
[27.242s]       |                               [01;31m[K^~[m[K
[29.270s] gmake[2]: *** [CMakeFiles/uuv_gazebo_ros_pose_gt_plugin.dir/build.make:76: CMakeFiles/uuv_gazebo_ros_pose_gt_plugin.dir/src/PoseGTROSPlugin.cpp.o] Error 1
[29.271s] gmake[1]: *** [CMakeFiles/Makefile2:265: CMakeFiles/uuv_gazebo_ros_pose_gt_plugin.dir/all] Error 2
[29.272s] gmake[1]: *** Waiting for unfinished jobs....
[32.871s] gmake[2]: *** [CMakeFiles/uuv_gazebo_ros_dvl_plugin.dir/build.make:76: CMakeFiles/uuv_gazebo_ros_dvl_plugin.dir/src/DVLROSPlugin.cpp.o] Error 1
[32.871s] gmake[1]: *** [CMakeFiles/Makefile2:317: CMakeFiles/uuv_gazebo_ros_dvl_plugin.dir/all] Error 2
[36.724s] [ 56%] [32m[1mLinking CXX shared library libuuv_gazebo_ros_rpt_plugin.so[0m
[132.983s] gmake[2]: *** Deleting file 'libuuv_gazebo_ros_imu_plugin.so'
[132.983s] gmake[2]: *** Deleting file 'libuuv_gazebo_ros_subsea_pressure_plugin.so'
[132.983s] gmake[2]: *** Deleting file 'libuuv_gazebo_ros_rpt_plugin.so'
[132.983s] gmake[2]: *** Deleting file 'libuuv_gazebo_ros_base_model_plugin.so'
[132.983s] gmake[2]: *** Deleting file 'libuuv_gazebo_ros_magnetometer_plugin.so'
[132.983s] gmake[2]: *** Deleting file 'libuuv_gazebo_ros_cpc_plugin.so'
[132.983s] gmake[2]: *** Deleting file 'libuuv_gazebo_ros_base_sensor_plugin.so'
[132.984s] gmake[2]: *** Deleting file 'libuuv_gazebo_ros_gps_plugin.so'
[132.989s] gmake[2]: *** [CMakeFiles/uuv_gazebo_ros_imu_plugin.dir/build.make:4470: libuuv_gazebo_ros_imu_plugin.so] Interrupt
[132.989s] gmake[2]: *** [CMakeFiles/uuv_gazebo_ros_magnetometer_plugin.dir/build.make:4470: libuuv_gazebo_ros_magnetometer_plugin.so] Interrupt
[132.989s] gmake[2]: *** [CMakeFiles/uuv_gazebo_ros_base_model_plugin.dir/build.make:4454: libuuv_gazebo_ros_base_model_plugin.so] Interrupt
[132.989s] gmake[1]: *** [CMakeFiles/Makefile2:395: CMakeFiles/uuv_gazebo_ros_imu_plugin.dir/all] Interrupt
[132.989s] gmake[1]: *** [CMakeFiles/Makefile2:343: CMakeFiles/uuv_gazebo_ros_magnetometer_plugin.dir/all] Interrupt
[132.989s] gmake[2]: *** [CMakeFiles/uuv_gazebo_ros_rpt_plugin.dir/build.make:4470: libuuv_gazebo_ros_rpt_plugin.so] Interrupt
[132.989s] gmake[1]: *** [CMakeFiles/Makefile2:187: CMakeFiles/uuv_gazebo_ros_base_model_plugin.dir/all] Interrupt
[132.990s] gmake[1]: *** [CMakeFiles/Makefile2:421: CMakeFiles/uuv_gazebo_ros_rpt_plugin.dir/all] Interrupt
[132.990s] gmake[2]: *** [CMakeFiles/uuv_gazebo_ros_cpc_plugin.dir/build.make:4470: libuuv_gazebo_ros_cpc_plugin.so] Interrupt
[132.990s] gmake[2]: *** [CMakeFiles/uuv_gazebo_ros_base_sensor_plugin.dir/build.make:4454: libuuv_gazebo_ros_base_sensor_plugin.so] Interrupt
[132.990s] gmake[1]: *** [CMakeFiles/Makefile2:369: CMakeFiles/uuv_gazebo_ros_cpc_plugin.dir/all] Interrupt
[132.990s] gmake[1]: *** [CMakeFiles/Makefile2:213: CMakeFiles/uuv_gazebo_ros_base_sensor_plugin.dir/all] Interrupt
[132.990s] gmake[2]: *** [CMakeFiles/uuv_gazebo_ros_gps_plugin.dir/build.make:4470: libuuv_gazebo_ros_gps_plugin.so] Interrupt
[132.990s] gmake[2]: *** [CMakeFiles/uuv_gazebo_ros_subsea_pressure_plugin.dir/build.make:4470: libuuv_gazebo_ros_subsea_pressure_plugin.so] Interrupt
[132.990s] gmake[1]: *** [CMakeFiles/Makefile2:239: CMakeFiles/uuv_gazebo_ros_gps_plugin.dir/all] Interrupt
[132.990s] gmake[1]: *** [CMakeFiles/Makefile2:291: CMakeFiles/uuv_gazebo_ros_subsea_pressure_plugin.dir/all] Interrupt
[132.991s] gmake: *** [Makefile:146: all] Interrupt
